[debug] [2021-04-03T19:17:01.292Z] ----------------------------------------------------------------------
[debug] [2021-04-03T19:17:01.294Z] Command:       C:\Program Files\nodejs\node.exe C:\Program Files\nodejs\node_modules\firebase-tools\lib\bin\firebase.js serve
[debug] [2021-04-03T19:17:01.294Z] CLI Version:   9.8.0
[debug] [2021-04-03T19:17:01.294Z] Platform:      win32
[debug] [2021-04-03T19:17:01.294Z] Node Version:  v10.16.0
[debug] [2021-04-03T19:17:01.295Z] Time:          Sat Apr 03 2021 12:17:01 GMT-0700 (Pacific Daylight Time)
[debug] [2021-04-03T19:17:01.295Z] ----------------------------------------------------------------------
[debug] 
[debug] [2021-04-03T19:17:01.310Z] > command requires scopes: ["email","openid","https://www.googleapis.com/auth/cloudplatformprojects.readonly","https://www.googleapis.com/auth/firebase","https://www.googleapis.com/auth/cloud-platform"]
[debug] [2021-04-03T19:17:01.311Z] > authorizing via signed-in user
[debug] [2021-04-03T19:17:01.311Z] [iam] checking project mealstogo-83d89 for permissions ["firebase.projects.get"]
[debug] [2021-04-03T19:17:01.315Z] > refreshing access token with scopes: ["email","https://www.googleapis.com/auth/cloud-platform","https://www.googleapis.com/auth/cloudplatformprojects.readonly","https://www.googleapis.com/auth/firebase","openid"]
[debug] [2021-04-03T19:17:01.316Z] >>> HTTP REQUEST POST https://www.googleapis.com/oauth2/v3/token  
 <request body omitted>
[debug] [2021-04-03T19:17:01.906Z] <<< HTTP RESPONSE 200 {"pragma":"no-cache","cache-control":"no-cache, no-store, max-age=0, must-revalidate","expires":"Mon, 01 Jan 1990 00:00:00 GMT","date":"Sat, 03 Apr 2021 19:17:03 GMT","content-type":"application/json; charset=utf-8","vary":"X-Origin, Referer, Origin,Accept-Encoding","server":"scaffolding on HTTPServer2","x-xss-protection":"0","x-frame-options":"SAMEORIGIN","x-content-type-options":"nosniff","alt-svc":"h3-29=\":443\"; ma=2592000,h3-T051=\":443\"; ma=2592000,h3-Q050=\":443\"; ma=2592000,h3-Q046=\":443\"; ma=2592000,h3-Q043=\":443\"; ma=2592000,quic=\":443\"; ma=2592000; v=\"46,43\"","accept-ranges":"none","transfer-encoding":"chunked"}
[debug] [2021-04-03T19:17:01.928Z] >>> HTTP REQUEST POST https://cloudresourcemanager.googleapis.com/v1/projects/mealstogo-83d89:testIamPermissions  
 {"permissions":["firebase.projects.get"]}
[debug] [2021-04-03T19:17:02.718Z] <<< HTTP RESPONSE 200 {"content-type":"application/json; charset=UTF-8","vary":"X-Origin, Referer, Origin,Accept-Encoding","date":"Sat, 03 Apr 2021 19:17:04 GMT","server":"ESF","cache-control":"private","x-xss-protection":"0","x-frame-options":"SAMEORIGIN","x-content-type-options":"nosniff","server-timing":"gfet4t7; dur=122","alt-svc":"h3-29=\":443\"; ma=2592000,h3-T051=\":443\"; ma=2592000,h3-Q050=\":443\"; ma=2592000,h3-Q046=\":443\"; ma=2592000,h3-Q043=\":443\"; ma=2592000,quic=\":443\"; ma=2592000; v=\"46,43\"","accept-ranges":"none","transfer-encoding":"chunked"}
[debug] [2021-04-03T19:17:02.723Z] > refreshing access token with scopes: []
[debug] [2021-04-03T19:17:02.724Z] >>> HTTP REQUEST POST https://www.googleapis.com/oauth2/v3/token  
 <request body omitted>
[debug] [2021-04-03T19:17:03.133Z] <<< HTTP RESPONSE 200 {"cache-control":"no-cache, no-store, max-age=0, must-revalidate","expires":"Mon, 01 Jan 1990 00:00:00 GMT","pragma":"no-cache","date":"Sat, 03 Apr 2021 19:17:04 GMT","content-type":"application/json; charset=utf-8","vary":"X-Origin, Referer, Origin,Accept-Encoding","server":"scaffolding on HTTPServer2","x-xss-protection":"0","x-frame-options":"SAMEORIGIN","x-content-type-options":"nosniff","alt-svc":"h3-29=\":443\"; ma=2592000,h3-T051=\":443\"; ma=2592000,h3-Q050=\":443\"; ma=2592000,h3-Q046=\":443\"; ma=2592000,h3-Q043=\":443\"; ma=2592000,quic=\":443\"; ma=2592000; v=\"46,43\"","accept-ranges":"none","transfer-encoding":"chunked"}
[debug] [2021-04-03T19:17:03.153Z] >>> [apiv2][query] GET https://firebase.googleapis.com/v1beta1/projects/mealstogo-83d89 [none]
[debug] [2021-04-03T19:17:03.869Z] <<< [apiv2][status] GET https://firebase.googleapis.com/v1beta1/projects/mealstogo-83d89 200
[debug] [2021-04-03T19:17:03.869Z] <<< [apiv2][body] GET https://firebase.googleapis.com/v1beta1/projects/mealstogo-83d89 {"projectId":"mealstogo-83d89","projectNumber":"171098700811","displayName":"MealsToGo","name":"projects/mealstogo-83d89","resources":{"hostingSite":"mealstogo-83d89"},"state":"ACTIVE"}
[info] 
[info] === Serving from 'C:\Users\peace\MealsToGo'...
[info] 
[warn] !  Your requested "node" version "12" doesn't match your global version "10" {"metadata":{"emulator":{"name":"functions"},"message":"Your requested \"node\" version \"12\" doesn't match your global version \"10\""}}
[debug] [2021-04-03T19:17:05.913Z] defaultcredentials: writing to file C:\Users\peace\AppData\Roaming\firebase\peacebefore_gmail_com_application_default_credentials.json
[debug] [2021-04-03T19:17:05.915Z] Setting GAC to C:\Users\peace\AppData\Roaming\firebase\peacebefore_gmail_com_application_default_credentials.json {"metadata":{"emulator":{"name":"functions"},"message":"Setting GAC to C:\\Users\\peace\\AppData\\Roaming\\firebase\\peacebefore_gmail_com_application_default_credentials.json"}}
[debug] [2021-04-03T19:17:05.916Z] >>> [apiv2][query] GET https://firebase.googleapis.com/v1beta1/projects/mealstogo-83d89/adminSdkConfig [none]
[debug] [2021-04-03T19:17:06.512Z] <<< [apiv2][status] GET https://firebase.googleapis.com/v1beta1/projects/mealstogo-83d89/adminSdkConfig 200
[debug] [2021-04-03T19:17:06.513Z] <<< [apiv2][body] GET https://firebase.googleapis.com/v1beta1/projects/mealstogo-83d89/adminSdkConfig {"projectId":"mealstogo-83d89","storageBucket":"mealstogo-83d89.appspot.com"}
[info] i  functions: Watching "C:\Users\peace\MealsToGo\functions" for Cloud Functions... {"metadata":{"emulator":{"name":"functions"},"message":"Watching \"C:\\Users\\peace\\MealsToGo\\functions\" for Cloud Functions..."}}
[debug] [2021-04-03T19:17:06.581Z] [worker-pool] addWorker(~diagnostic~) {"metadata":{"emulator":{"name":"functions"},"message":"[worker-pool] addWorker(~diagnostic~)"}}
[debug] [2021-04-03T19:17:06.582Z] [worker-pool] Adding worker with key ~diagnostic~, total=1 {"metadata":{"emulator":{"name":"functions"},"message":"[worker-pool] Adding worker with key ~diagnostic~, total=1"}}
[debug] [2021-04-03T19:17:06.582Z] [worker-pool] submitWork(triggerId=) {"metadata":{"emulator":{"name":"functions"},"message":"[worker-pool] submitWork(triggerId=)"}}
[debug] [2021-04-03T19:17:06.582Z] [worker-~diagnostic~-149a93a6-25c8-4d0b-93ee-c2e272ea197f]: Assigning socketPath: \\?\pipe\C:\Users\peace\MealsToGo\functions\19648 {"metadata":{"emulator":{"name":"functions"},"message":"[worker-~diagnostic~-149a93a6-25c8-4d0b-93ee-c2e272ea197f]: Assigning socketPath: \\\\?\\pipe\\C:\\Users\\peace\\MealsToGo\\functions\\19648"}}
[debug] [2021-04-03T19:17:06.583Z] [worker-~diagnostic~-149a93a6-25c8-4d0b-93ee-c2e272ea197f]: BUSY {"metadata":{"emulator":{"name":"functions"},"message":"[worker-~diagnostic~-149a93a6-25c8-4d0b-93ee-c2e272ea197f]: BUSY"}}
[debug] [2021-04-03T19:17:06.922Z] [runtime-status] [19648] Functions runtime initialized. {"cwd":"C:\\Users\\peace\\MealsToGo\\functions","node_version":"10.16.0"} {"metadata":{"emulator":{"name":"functions"},"message":"[runtime-status] [19648] Functions runtime initialized. {\"cwd\":\"C:\\\\Users\\\\peace\\\\MealsToGo\\\\functions\",\"node_version\":\"10.16.0\"}"}}
[debug] [2021-04-03T19:17:06.923Z] [runtime-status] [19648] Disabled runtime features: undefined {"metadata":{"emulator":{"name":"functions"},"message":"[runtime-status] [19648] Disabled runtime features: undefined"}}
[debug] [2021-04-03T19:17:06.929Z] [runtime-status] [19648] Resolved module firebase-admin {"declared":true,"installed":true,"version":"9.6.0","resolution":"C:\\Users\\peace\\MealsToGo\\functions\\node_modules\\firebase-admin\\lib\\index.js"} {"metadata":{"emulator":{"name":"functions"},"message":"[runtime-status] [19648] Resolved module firebase-admin {\"declared\":true,\"installed\":true,\"version\":\"9.6.0\",\"resolution\":\"C:\\\\Users\\\\peace\\\\MealsToGo\\\\functions\\\\node_modules\\\\firebase-admin\\\\lib\\\\index.js\"}"}}
[debug] [2021-04-03T19:17:06.931Z] [runtime-status] [19648] Resolved module firebase-functions {"declared":true,"installed":true,"version":"3.13.2","resolution":"C:\\Users\\peace\\MealsToGo\\functions\\node_modules\\firebase-functions\\lib\\index.js"} {"metadata":{"emulator":{"name":"functions"},"message":"[runtime-status] [19648] Resolved module firebase-functions {\"declared\":true,\"installed\":true,\"version\":\"3.13.2\",\"resolution\":\"C:\\\\Users\\\\peace\\\\MealsToGo\\\\functions\\\\node_modules\\\\firebase-functions\\\\lib\\\\index.js\"}"}}
[debug] [2021-04-03T19:17:06.932Z] [runtime-status] [19648] Resolved module firebase-functions {"declared":true,"installed":true,"version":"3.13.2","resolution":"C:\\Users\\peace\\MealsToGo\\functions\\node_modules\\firebase-functions\\lib\\index.js"} {"metadata":{"emulator":{"name":"functions"},"message":"[runtime-status] [19648] Resolved module firebase-functions {\"declared\":true,\"installed\":true,\"version\":\"3.13.2\",\"resolution\":\"C:\\\\Users\\\\peace\\\\MealsToGo\\\\functions\\\\node_modules\\\\firebase-functions\\\\lib\\\\index.js\"}"}}
[debug] [2021-04-03T19:17:06.936Z] [runtime-status] [19648] Outgoing network have been stubbed. [{"name":"http","status":"mocked"},{"name":"http","status":"mocked"},{"name":"https","status":"mocked"},{"name":"https","status":"mocked"},{"name":"net","status":"mocked"}] {"metadata":{"emulator":{"name":"functions"},"message":"[runtime-status] [19648] Outgoing network have been stubbed. [{\"name\":\"http\",\"status\":\"mocked\"},{\"name\":\"http\",\"status\":\"mocked\"},{\"name\":\"https\",\"status\":\"mocked\"},{\"name\":\"https\",\"status\":\"mocked\"},{\"name\":\"net\",\"status\":\"mocked\"}]"}}
[debug] [2021-04-03T19:17:06.936Z] [runtime-status] [19648] Resolved module firebase-functions {"declared":true,"installed":true,"version":"3.13.2","resolution":"C:\\Users\\peace\\MealsToGo\\functions\\node_modules\\firebase-functions\\lib\\index.js"} {"metadata":{"emulator":{"name":"functions"},"message":"[runtime-status] [19648] Resolved module firebase-functions {\"declared\":true,\"installed\":true,\"version\":\"3.13.2\",\"resolution\":\"C:\\\\Users\\\\peace\\\\MealsToGo\\\\functions\\\\node_modules\\\\firebase-functions\\\\lib\\\\index.js\"}"}}
[debug] [2021-04-03T19:17:07.037Z] [runtime-status] [19648] Checked functions.config() {"config":{}} {"metadata":{"emulator":{"name":"functions"},"message":"[runtime-status] [19648] Checked functions.config() {\"config\":{}}"}}
[debug] [2021-04-03T19:17:07.037Z] [runtime-status] [19648] firebase-functions has been stubbed. {"functionsResolution":{"declared":true,"installed":true,"version":"3.13.2","resolution":"C:\\Users\\peace\\MealsToGo\\functions\\node_modules\\firebase-functions\\lib\\index.js"}} {"metadata":{"emulator":{"name":"functions"},"message":"[runtime-status] [19648] firebase-functions has been stubbed. {\"functionsResolution\":{\"declared\":true,\"installed\":true,\"version\":\"3.13.2\",\"resolution\":\"C:\\\\Users\\\\peace\\\\MealsToGo\\\\functions\\\\node_modules\\\\firebase-functions\\\\lib\\\\index.js\"}}"}}
[debug] [2021-04-03T19:17:07.038Z] [runtime-status] [19648] Resolved module firebase-functions {"declared":true,"installed":true,"version":"3.13.2","resolution":"C:\\Users\\peace\\MealsToGo\\functions\\node_modules\\firebase-functions\\lib\\index.js"} {"metadata":{"emulator":{"name":"functions"},"message":"[runtime-status] [19648] Resolved module firebase-functions {\"declared\":true,\"installed\":true,\"version\":\"3.13.2\",\"resolution\":\"C:\\\\Users\\\\peace\\\\MealsToGo\\\\functions\\\\node_modules\\\\firebase-functions\\\\lib\\\\index.js\"}"}}
[debug] [2021-04-03T19:17:07.039Z] [runtime-status] [19648] Resolved module firebase-admin {"declared":true,"installed":true,"version":"9.6.0","resolution":"C:\\Users\\peace\\MealsToGo\\functions\\node_modules\\firebase-admin\\lib\\index.js"} {"metadata":{"emulator":{"name":"functions"},"message":"[runtime-status] [19648] Resolved module firebase-admin {\"declared\":true,\"installed\":true,\"version\":\"9.6.0\",\"resolution\":\"C:\\\\Users\\\\peace\\\\MealsToGo\\\\functions\\\\node_modules\\\\firebase-admin\\\\lib\\\\index.js\"}"}}
[debug] [2021-04-03T19:17:07.040Z] [runtime-status] [19648] Resolved module firebase-functions {"declared":true,"installed":true,"version":"3.13.2","resolution":"C:\\Users\\peace\\MealsToGo\\functions\\node_modules\\firebase-functions\\lib\\index.js"} {"metadata":{"emulator":{"name":"functions"},"message":"[runtime-status] [19648] Resolved module firebase-functions {\"declared\":true,\"installed\":true,\"version\":\"3.13.2\",\"resolution\":\"C:\\\\Users\\\\peace\\\\MealsToGo\\\\functions\\\\node_modules\\\\firebase-functions\\\\lib\\\\index.js\"}"}}
[debug] [2021-04-03T19:17:07.040Z] [runtime-status] [19648] firebase-admin has been stubbed. {"adminResolution":{"declared":true,"installed":true,"version":"9.6.0","resolution":"C:\\Users\\peace\\MealsToGo\\functions\\node_modules\\firebase-admin\\lib\\index.js"}} {"metadata":{"emulator":{"name":"functions"},"message":"[runtime-status] [19648] firebase-admin has been stubbed. {\"adminResolution\":{\"declared\":true,\"installed\":true,\"version\":\"9.6.0\",\"resolution\":\"C:\\\\Users\\\\peace\\\\MealsToGo\\\\functions\\\\node_modules\\\\firebase-admin\\\\lib\\\\index.js\"}}"}}
[info] +  functions[geocode]: http function initialized (http://localhost:5000/mealstogo-83d89/us-central1/geocode). {"metadata":{"emulator":{"name":"functions"},"message":"\u001b[1mhttp\u001b[22m function initialized (http://localhost:5000/mealstogo-83d89/us-central1/geocode)."}}
[debug] [2021-04-03T19:17:07.046Z] [worker-~diagnostic~-149a93a6-25c8-4d0b-93ee-c2e272ea197f]: IDLE {"metadata":{"emulator":{"name":"functions"},"message":"[worker-~diagnostic~-149a93a6-25c8-4d0b-93ee-c2e272ea197f]: IDLE"}}
[debug] [2021-04-03T19:17:46.127Z] [work-queue] {"queueLength":1,"workRunningCount":0}
[debug] [2021-04-03T19:17:46.127Z] [work-queue] {"queueLength":0,"workRunningCount":1}
[debug] [2021-04-03T19:17:46.127Z] Accepted request GET /mealstogo-83d89/us-central1/geocode --> geocode
[debug] [2021-04-03T19:17:46.164Z] [worker-pool] addWorker(geocode) {"metadata":{"emulator":{"name":"functions"},"message":"[worker-pool] addWorker(geocode)"}}
[debug] [2021-04-03T19:17:46.165Z] [worker-pool] Adding worker with key geocode, total=1 {"metadata":{"emulator":{"name":"functions"},"message":"[worker-pool] Adding worker with key geocode, total=1"}}
[debug] [2021-04-03T19:17:46.165Z] [worker-pool] submitWork(triggerId=geocode) {"metadata":{"emulator":{"name":"functions"},"message":"[worker-pool] submitWork(triggerId=geocode)"}}
[debug] [2021-04-03T19:17:46.165Z] [worker-geocode-f14cefb3-0823-4a03-a2b2-20d1ce9f6e4b]: Assigning socketPath: \\?\pipe\C:\Users\peace\MealsToGo\functions\16728 {"metadata":{"emulator":{"name":"functions"},"message":"[worker-geocode-f14cefb3-0823-4a03-a2b2-20d1ce9f6e4b]: Assigning socketPath: \\\\?\\pipe\\C:\\Users\\peace\\MealsToGo\\functions\\16728"}}
[debug] [2021-04-03T19:17:46.165Z] [worker-geocode-f14cefb3-0823-4a03-a2b2-20d1ce9f6e4b]: BUSY {"metadata":{"emulator":{"name":"functions"},"message":"[worker-geocode-f14cefb3-0823-4a03-a2b2-20d1ce9f6e4b]: BUSY"}}
[debug] [2021-04-03T19:17:46.572Z] [runtime-status] [16728] Functions runtime initialized. {"cwd":"C:\\Users\\peace\\MealsToGo\\functions","node_version":"10.16.0"} {"metadata":{"emulator":{"name":"functions"},"function":{"name":"geocode"},"message":"[runtime-status] [16728] Functions runtime initialized. {\"cwd\":\"C:\\\\Users\\\\peace\\\\MealsToGo\\\\functions\",\"node_version\":\"10.16.0\"}"}}
[debug] [2021-04-03T19:17:46.574Z] [runtime-status] [16728] Disabled runtime features: undefined {"metadata":{"emulator":{"name":"functions"},"function":{"name":"geocode"},"message":"[runtime-status] [16728] Disabled runtime features: undefined"}}
[debug] [2021-04-03T19:17:46.579Z] [runtime-status] [16728] Resolved module firebase-admin {"declared":true,"installed":true,"version":"9.6.0","resolution":"C:\\Users\\peace\\MealsToGo\\functions\\node_modules\\firebase-admin\\lib\\index.js"} {"metadata":{"emulator":{"name":"functions"},"function":{"name":"geocode"},"message":"[runtime-status] [16728] Resolved module firebase-admin {\"declared\":true,\"installed\":true,\"version\":\"9.6.0\",\"resolution\":\"C:\\\\Users\\\\peace\\\\MealsToGo\\\\functions\\\\node_modules\\\\firebase-admin\\\\lib\\\\index.js\"}"}}
[debug] [2021-04-03T19:17:46.581Z] [runtime-status] [16728] Resolved module firebase-functions {"declared":true,"installed":true,"version":"3.13.2","resolution":"C:\\Users\\peace\\MealsToGo\\functions\\node_modules\\firebase-functions\\lib\\index.js"} {"metadata":{"emulator":{"name":"functions"},"function":{"name":"geocode"},"message":"[runtime-status] [16728] Resolved module firebase-functions {\"declared\":true,\"installed\":true,\"version\":\"3.13.2\",\"resolution\":\"C:\\\\Users\\\\peace\\\\MealsToGo\\\\functions\\\\node_modules\\\\firebase-functions\\\\lib\\\\index.js\"}"}}
[debug] [2021-04-03T19:17:46.582Z] [runtime-status] [16728] Resolved module firebase-functions {"declared":true,"installed":true,"version":"3.13.2","resolution":"C:\\Users\\peace\\MealsToGo\\functions\\node_modules\\firebase-functions\\lib\\index.js"} {"metadata":{"emulator":{"name":"functions"},"function":{"name":"geocode"},"message":"[runtime-status] [16728] Resolved module firebase-functions {\"declared\":true,\"installed\":true,\"version\":\"3.13.2\",\"resolution\":\"C:\\\\Users\\\\peace\\\\MealsToGo\\\\functions\\\\node_modules\\\\firebase-functions\\\\lib\\\\index.js\"}"}}
[debug] [2021-04-03T19:17:46.586Z] [runtime-status] [16728] Outgoing network have been stubbed. [{"name":"http","status":"mocked"},{"name":"http","status":"mocked"},{"name":"https","status":"mocked"},{"name":"https","status":"mocked"},{"name":"net","status":"mocked"}] {"metadata":{"emulator":{"name":"functions"},"function":{"name":"geocode"},"message":"[runtime-status] [16728] Outgoing network have been stubbed. [{\"name\":\"http\",\"status\":\"mocked\"},{\"name\":\"http\",\"status\":\"mocked\"},{\"name\":\"https\",\"status\":\"mocked\"},{\"name\":\"https\",\"status\":\"mocked\"},{\"name\":\"net\",\"status\":\"mocked\"}]"}}
[debug] [2021-04-03T19:17:46.586Z] [runtime-status] [16728] Resolved module firebase-functions {"declared":true,"installed":true,"version":"3.13.2","resolution":"C:\\Users\\peace\\MealsToGo\\functions\\node_modules\\firebase-functions\\lib\\index.js"} {"metadata":{"emulator":{"name":"functions"},"function":{"name":"geocode"},"message":"[runtime-status] [16728] Resolved module firebase-functions {\"declared\":true,\"installed\":true,\"version\":\"3.13.2\",\"resolution\":\"C:\\\\Users\\\\peace\\\\MealsToGo\\\\functions\\\\node_modules\\\\firebase-functions\\\\lib\\\\index.js\"}"}}
[debug] [2021-04-03T19:17:46.642Z] [runtime-status] [16728] Checked functions.config() {"config":{}} {"metadata":{"emulator":{"name":"functions"},"function":{"name":"geocode"},"message":"[runtime-status] [16728] Checked functions.config() {\"config\":{}}"}}
[debug] [2021-04-03T19:17:46.642Z] [runtime-status] [16728] firebase-functions has been stubbed. {"functionsResolution":{"declared":true,"installed":true,"version":"3.13.2","resolution":"C:\\Users\\peace\\MealsToGo\\functions\\node_modules\\firebase-functions\\lib\\index.js"}} {"metadata":{"emulator":{"name":"functions"},"function":{"name":"geocode"},"message":"[runtime-status] [16728] firebase-functions has been stubbed. {\"functionsResolution\":{\"declared\":true,\"installed\":true,\"version\":\"3.13.2\",\"resolution\":\"C:\\\\Users\\\\peace\\\\MealsToGo\\\\functions\\\\node_modules\\\\firebase-functions\\\\lib\\\\index.js\"}}"}}
[debug] [2021-04-03T19:17:46.643Z] [runtime-status] [16728] Resolved module firebase-functions {"declared":true,"installed":true,"version":"3.13.2","resolution":"C:\\Users\\peace\\MealsToGo\\functions\\node_modules\\firebase-functions\\lib\\index.js"} {"metadata":{"emulator":{"name":"functions"},"function":{"name":"geocode"},"message":"[runtime-status] [16728] Resolved module firebase-functions {\"declared\":true,\"installed\":true,\"version\":\"3.13.2\",\"resolution\":\"C:\\\\Users\\\\peace\\\\MealsToGo\\\\functions\\\\node_modules\\\\firebase-functions\\\\lib\\\\index.js\"}"}}
[debug] [2021-04-03T19:17:46.644Z] [runtime-status] [16728] Resolved module firebase-admin {"declared":true,"installed":true,"version":"9.6.0","resolution":"C:\\Users\\peace\\MealsToGo\\functions\\node_modules\\firebase-admin\\lib\\index.js"} {"metadata":{"emulator":{"name":"functions"},"function":{"name":"geocode"},"message":"[runtime-status] [16728] Resolved module firebase-admin {\"declared\":true,\"installed\":true,\"version\":\"9.6.0\",\"resolution\":\"C:\\\\Users\\\\peace\\\\MealsToGo\\\\functions\\\\node_modules\\\\firebase-admin\\\\lib\\\\index.js\"}"}}
[debug] [2021-04-03T19:17:46.645Z] [runtime-status] [16728] Resolved module firebase-functions {"declared":true,"installed":true,"version":"3.13.2","resolution":"C:\\Users\\peace\\MealsToGo\\functions\\node_modules\\firebase-functions\\lib\\index.js"} {"metadata":{"emulator":{"name":"functions"},"function":{"name":"geocode"},"message":"[runtime-status] [16728] Resolved module firebase-functions {\"declared\":true,\"installed\":true,\"version\":\"3.13.2\",\"resolution\":\"C:\\\\Users\\\\peace\\\\MealsToGo\\\\functions\\\\node_modules\\\\firebase-functions\\\\lib\\\\index.js\"}"}}
[debug] [2021-04-03T19:17:46.645Z] [runtime-status] [16728] firebase-admin has been stubbed. {"adminResolution":{"declared":true,"installed":true,"version":"9.6.0","resolution":"C:\\Users\\peace\\MealsToGo\\functions\\node_modules\\firebase-admin\\lib\\index.js"}} {"metadata":{"emulator":{"name":"functions"},"function":{"name":"geocode"},"message":"[runtime-status] [16728] firebase-admin has been stubbed. {\"adminResolution\":{\"declared\":true,\"installed\":true,\"version\":\"9.6.0\",\"resolution\":\"C:\\\\Users\\\\peace\\\\MealsToGo\\\\functions\\\\node_modules\\\\firebase-admin\\\\lib\\\\index.js\"}}"}}
[debug] [2021-04-03T19:17:46.649Z] [runtime-status] [16728] Trigger "geocode" has been found, beginning invocation! {"metadata":{"emulator":{"name":"functions"},"function":{"name":"geocode"},"message":"[runtime-status] [16728] Trigger \"geocode\" has been found, beginning invocation!"}}
[info] i  functions: Beginning execution of "geocode" {"metadata":{"emulator":{"name":"functions"},"function":{"name":"geocode"},"message":"Beginning execution of \"geocode\""}}
[debug] [2021-04-03T19:17:46.650Z] [runtime-status] [16728] triggerDefinition {"httpsTrigger":{},"name":"geocode","entryPoint":"geocode"} {"metadata":{"emulator":{"name":"functions"},"function":{"name":"geocode"},"message":"[runtime-status] [16728] triggerDefinition {\"httpsTrigger\":{},\"name\":\"geocode\",\"entryPoint\":\"geocode\"}"}}
[debug] [2021-04-03T19:17:46.650Z] [runtime-status] [16728] Running geocode in mode HTTPS {"metadata":{"emulator":{"name":"functions"},"function":{"name":"geocode"},"message":"[runtime-status] [16728] Running geocode in mode HTTPS"}}
[debug] [2021-04-03T19:17:46.655Z] [runtime-status] [16728] Attempting to listen to socketPath: \\?\pipe\C:\Users\peace\MealsToGo\functions\16728 {"metadata":{"emulator":{"name":"functions"},"function":{"name":"geocode"},"message":"[runtime-status] [16728] Attempting to listen to socketPath: \\\\?\\pipe\\C:\\Users\\peace\\MealsToGo\\functions\\16728"}}
[debug] [2021-04-03T19:17:46.663Z] [functions] Runtime ready! Sending request! {"metadata":{"emulator":{"name":"functions"},"message":"[functions] Runtime ready! Sending request!"}}
[debug] [2021-04-03T19:17:46.665Z] [functions] Got req.url=/mealstogo-83d89/us-central1/geocode, mapping to path=/ {"metadata":{"emulator":{"name":"functions"},"message":"[functions] Got req.url=/mealstogo-83d89/us-central1/geocode, mapping to path=/"}}
[debug] [2021-04-03T19:17:46.676Z] [runtime-status] [16728] Ephemeral server handling GET request {"metadata":{"emulator":{"name":"functions"},"function":{"name":"geocode"},"message":"[runtime-status] [16728] Ephemeral server handling GET request"}}
[debug] [2021-04-03T19:17:46.678Z] [runtime-status] [16728] Ephemeral server survived. {"metadata":{"emulator":{"name":"functions"},"function":{"name":"geocode"},"message":"[runtime-status] [16728] Ephemeral server survived."}}
[warn] !  functions: TypeError: Cannot read property 'toLowerCase' of undefined
    at module.exports.geocodeRequest (C:\Users\peace\MealsToGo\functions\geocode\index.js:6:43)
    at exports.geocode.functions.https.onRequest (C:\Users\peace\MealsToGo\functions\index.js:5:3)
    at runFunction (C:\Users\peace\AppData\Roaming\nvm\v10.16.0\node_modules\firebase-tools\lib\emulator\functionsEmulatorRuntime.js:600:16)
    at runFunction (C:\Users\peace\AppData\Roaming\nvm\v10.16.0\node_modules\firebase-tools\lib\emulator\functionsEmulatorRuntime.js:579:15)
    at runHTTPS (C:\Users\peace\AppData\Roaming\nvm\v10.16.0\node_modules\firebase-tools\lib\emulator\functionsEmulatorRuntime.js:599:11)
    at handler (C:\Users\peace\AppData\Roaming\nvm\v10.16.0\node_modules\firebase-tools\lib\emulator\functionsEmulatorRuntime.js:528:23)
    at Layer.handle [as handle_request] (C:\Users\peace\AppData\Roaming\nvm\v10.16.0\node_modules\firebase-tools\node_modules\express\lib\router\layer.js:95:5)
    at next (C:\Users\peace\AppData\Roaming\nvm\v10.16.0\node_modules\firebase-tools\node_modules\express\lib\router\route.js:137:13)
    at Route.dispatch (C:\Users\peace\AppData\Roaming\nvm\v10.16.0\node_modules\firebase-tools\node_modules\express\lib\router\route.js:112:3)
    at Layer.handle [as handle_request] (C:\Users\peace\AppData\Roaming\nvm\v10.16.0\node_modules\firebase-tools\node_modules\express\lib\router\layer.js:95:5) {"metadata":{"emulator":{"name":"functions"},"function":{"name":"geocode"},"message":"TypeError: Cannot read property 'toLowerCase' of undefined\n    at module.exports.geocodeRequest (C:\\Users\\peace\\MealsToGo\\functions\\geocode\\index.js:6:43)\n    at exports.geocode.functions.https.onRequest (C:\\Users\\peace\\MealsToGo\\functions\\index.js:5:3)\n    at runFunction (C:\\Users\\peace\\AppData\\Roaming\\nvm\\v10.16.0\\node_modules\\firebase-tools\\lib\\emulator\\functionsEmulatorRuntime.js:600:16)\n    at runFunction (C:\\Users\\peace\\AppData\\Roaming\\nvm\\v10.16.0\\node_modules\\firebase-tools\\lib\\emulator\\functionsEmulatorRuntime.js:579:15)\n    at runHTTPS (C:\\Users\\peace\\AppData\\Roaming\\nvm\\v10.16.0\\node_modules\\firebase-tools\\lib\\emulator\\functionsEmulatorRuntime.js:599:11)\n    at handler (C:\\Users\\peace\\AppData\\Roaming\\nvm\\v10.16.0\\node_modules\\firebase-tools\\lib\\emulator\\functionsEmulatorRuntime.js:528:23)\n    at Layer.handle [as handle_request] (C:\\Users\\peace\\AppData\\Roaming\\nvm\\v10.16.0\\node_modules\\firebase-tools\\node_modules\\express\\lib\\router\\layer.js:95:5)\n    at next (C:\\Users\\peace\\AppData\\Roaming\\nvm\\v10.16.0\\node_modules\\firebase-tools\\node_modules\\express\\lib\\router\\route.js:137:13)\n    at Route.dispatch (C:\\Users\\peace\\AppData\\Roaming\\nvm\\v10.16.0\\node_modules\\firebase-tools\\node_modules\\express\\lib\\router\\route.js:112:3)\n    at Layer.handle [as handle_request] (C:\\Users\\peace\\AppData\\Roaming\\nvm\\v10.16.0\\node_modules\\firebase-tools\\node_modules\\express\\lib\\router\\layer.js:95:5)"}}
[warn] !  Your function was killed because it raised an unhandled error. {"metadata":{"emulator":{"name":"functions"},"function":{"name":"geocode"},"message":"Your function was killed because it raised an unhandled error."}}
[debug] [2021-04-03T19:17:46.696Z] [worker-geocode-f14cefb3-0823-4a03-a2b2-20d1ce9f6e4b]: exited {"metadata":{"emulator":{"name":"functions"},"message":"[worker-geocode-f14cefb3-0823-4a03-a2b2-20d1ce9f6e4b]: exited"}}
[debug] [2021-04-03T19:17:46.696Z] [worker-geocode-f14cefb3-0823-4a03-a2b2-20d1ce9f6e4b]: FINISHED {"metadata":{"emulator":{"name":"functions"},"message":"[worker-geocode-f14cefb3-0823-4a03-a2b2-20d1ce9f6e4b]: FINISHED"}}
[debug] [2021-04-03T19:17:46.697Z] [work-queue] {"queueLength":0,"workRunningCount":0}
[debug] [2021-04-03T19:17:46.851Z] Functions emulator received unknown request at path /favicon.ico
[debug] [2021-04-03T19:20:30.718Z] [work-queue] {"queueLength":1,"workRunningCount":0}
[debug] [2021-04-03T19:20:30.718Z] [work-queue] {"queueLength":0,"workRunningCount":1}
[debug] [2021-04-03T19:20:30.718Z] Accepted request GET /mealstogo-83d89/us-central1/geocode --> geocode
[debug] [2021-04-03T19:20:30.718Z] [worker-pool] Cleaned up workers for geocode: 1 --> 0 {"metadata":{"emulator":{"name":"functions"},"message":"[worker-pool] Cleaned up workers for geocode: 1 --> 0"}}
[debug] [2021-04-03T19:20:30.767Z] [worker-pool] addWorker(geocode) {"metadata":{"emulator":{"name":"functions"},"message":"[worker-pool] addWorker(geocode)"}}
[debug] [2021-04-03T19:20:30.767Z] [worker-pool] Adding worker with key geocode, total=1 {"metadata":{"emulator":{"name":"functions"},"message":"[worker-pool] Adding worker with key geocode, total=1"}}
[debug] [2021-04-03T19:20:30.768Z] [worker-pool] submitWork(triggerId=geocode) {"metadata":{"emulator":{"name":"functions"},"message":"[worker-pool] submitWork(triggerId=geocode)"}}
[debug] [2021-04-03T19:20:30.769Z] [worker-geocode-148ba698-71f6-45ba-9be3-0c799d064464]: Assigning socketPath: \\?\pipe\C:\Users\peace\MealsToGo\functions\6156 {"metadata":{"emulator":{"name":"functions"},"message":"[worker-geocode-148ba698-71f6-45ba-9be3-0c799d064464]: Assigning socketPath: \\\\?\\pipe\\C:\\Users\\peace\\MealsToGo\\functions\\6156"}}
[debug] [2021-04-03T19:20:30.769Z] [worker-geocode-148ba698-71f6-45ba-9be3-0c799d064464]: BUSY {"metadata":{"emulator":{"name":"functions"},"message":"[worker-geocode-148ba698-71f6-45ba-9be3-0c799d064464]: BUSY"}}
[debug] [2021-04-03T19:20:31.201Z] [runtime-status] [6156] Functions runtime initialized. {"cwd":"C:\\Users\\peace\\MealsToGo\\functions","node_version":"10.16.0"} {"metadata":{"emulator":{"name":"functions"},"function":{"name":"geocode"},"message":"[runtime-status] [6156] Functions runtime initialized. {\"cwd\":\"C:\\\\Users\\\\peace\\\\MealsToGo\\\\functions\",\"node_version\":\"10.16.0\"}"}}
[debug] [2021-04-03T19:20:31.204Z] [runtime-status] [6156] Disabled runtime features: undefined {"metadata":{"emulator":{"name":"functions"},"function":{"name":"geocode"},"message":"[runtime-status] [6156] Disabled runtime features: undefined"}}
[debug] [2021-04-03T19:20:31.209Z] [runtime-status] [6156] Resolved module firebase-admin {"declared":true,"installed":true,"version":"9.6.0","resolution":"C:\\Users\\peace\\MealsToGo\\functions\\node_modules\\firebase-admin\\lib\\index.js"} {"metadata":{"emulator":{"name":"functions"},"function":{"name":"geocode"},"message":"[runtime-status] [6156] Resolved module firebase-admin {\"declared\":true,\"installed\":true,\"version\":\"9.6.0\",\"resolution\":\"C:\\\\Users\\\\peace\\\\MealsToGo\\\\functions\\\\node_modules\\\\firebase-admin\\\\lib\\\\index.js\"}"}}
[debug] [2021-04-03T19:20:31.211Z] [runtime-status] [6156] Resolved module firebase-functions {"declared":true,"installed":true,"version":"3.13.2","resolution":"C:\\Users\\peace\\MealsToGo\\functions\\node_modules\\firebase-functions\\lib\\index.js"} {"metadata":{"emulator":{"name":"functions"},"function":{"name":"geocode"},"message":"[runtime-status] [6156] Resolved module firebase-functions {\"declared\":true,\"installed\":true,\"version\":\"3.13.2\",\"resolution\":\"C:\\\\Users\\\\peace\\\\MealsToGo\\\\functions\\\\node_modules\\\\firebase-functions\\\\lib\\\\index.js\"}"}}
[debug] [2021-04-03T19:20:31.212Z] [runtime-status] [6156] Resolved module firebase-functions {"declared":true,"installed":true,"version":"3.13.2","resolution":"C:\\Users\\peace\\MealsToGo\\functions\\node_modules\\firebase-functions\\lib\\index.js"} {"metadata":{"emulator":{"name":"functions"},"function":{"name":"geocode"},"message":"[runtime-status] [6156] Resolved module firebase-functions {\"declared\":true,\"installed\":true,\"version\":\"3.13.2\",\"resolution\":\"C:\\\\Users\\\\peace\\\\MealsToGo\\\\functions\\\\node_modules\\\\firebase-functions\\\\lib\\\\index.js\"}"}}
[debug] [2021-04-03T19:20:31.216Z] [runtime-status] [6156] Outgoing network have been stubbed. [{"name":"http","status":"mocked"},{"name":"http","status":"mocked"},{"name":"https","status":"mocked"},{"name":"https","status":"mocked"},{"name":"net","status":"mocked"}] {"metadata":{"emulator":{"name":"functions"},"function":{"name":"geocode"},"message":"[runtime-status] [6156] Outgoing network have been stubbed. [{\"name\":\"http\",\"status\":\"mocked\"},{\"name\":\"http\",\"status\":\"mocked\"},{\"name\":\"https\",\"status\":\"mocked\"},{\"name\":\"https\",\"status\":\"mocked\"},{\"name\":\"net\",\"status\":\"mocked\"}]"}}
[debug] [2021-04-03T19:20:31.217Z] [runtime-status] [6156] Resolved module firebase-functions {"declared":true,"installed":true,"version":"3.13.2","resolution":"C:\\Users\\peace\\MealsToGo\\functions\\node_modules\\firebase-functions\\lib\\index.js"} {"metadata":{"emulator":{"name":"functions"},"function":{"name":"geocode"},"message":"[runtime-status] [6156] Resolved module firebase-functions {\"declared\":true,\"installed\":true,\"version\":\"3.13.2\",\"resolution\":\"C:\\\\Users\\\\peace\\\\MealsToGo\\\\functions\\\\node_modules\\\\firebase-functions\\\\lib\\\\index.js\"}"}}
[debug] [2021-04-03T19:20:31.275Z] [runtime-status] [6156] Checked functions.config() {"config":{}} {"metadata":{"emulator":{"name":"functions"},"function":{"name":"geocode"},"message":"[runtime-status] [6156] Checked functions.config() {\"config\":{}}"}}
[debug] [2021-04-03T19:20:31.276Z] [runtime-status] [6156] firebase-functions has been stubbed. {"functionsResolution":{"declared":true,"installed":true,"version":"3.13.2","resolution":"C:\\Users\\peace\\MealsToGo\\functions\\node_modules\\firebase-functions\\lib\\index.js"}} {"metadata":{"emulator":{"name":"functions"},"function":{"name":"geocode"},"message":"[runtime-status] [6156] firebase-functions has been stubbed. {\"functionsResolution\":{\"declared\":true,\"installed\":true,\"version\":\"3.13.2\",\"resolution\":\"C:\\\\Users\\\\peace\\\\MealsToGo\\\\functions\\\\node_modules\\\\firebase-functions\\\\lib\\\\index.js\"}}"}}
[debug] [2021-04-03T19:20:31.276Z] [runtime-status] [6156] Resolved module firebase-functions {"declared":true,"installed":true,"version":"3.13.2","resolution":"C:\\Users\\peace\\MealsToGo\\functions\\node_modules\\firebase-functions\\lib\\index.js"} {"metadata":{"emulator":{"name":"functions"},"function":{"name":"geocode"},"message":"[runtime-status] [6156] Resolved module firebase-functions {\"declared\":true,\"installed\":true,\"version\":\"3.13.2\",\"resolution\":\"C:\\\\Users\\\\peace\\\\MealsToGo\\\\functions\\\\node_modules\\\\firebase-functions\\\\lib\\\\index.js\"}"}}
[debug] [2021-04-03T19:20:31.278Z] [runtime-status] [6156] Resolved module firebase-admin {"declared":true,"installed":true,"version":"9.6.0","resolution":"C:\\Users\\peace\\MealsToGo\\functions\\node_modules\\firebase-admin\\lib\\index.js"} {"metadata":{"emulator":{"name":"functions"},"function":{"name":"geocode"},"message":"[runtime-status] [6156] Resolved module firebase-admin {\"declared\":true,\"installed\":true,\"version\":\"9.6.0\",\"resolution\":\"C:\\\\Users\\\\peace\\\\MealsToGo\\\\functions\\\\node_modules\\\\firebase-admin\\\\lib\\\\index.js\"}"}}
[debug] [2021-04-03T19:20:31.278Z] [runtime-status] [6156] Resolved module firebase-functions {"declared":true,"installed":true,"version":"3.13.2","resolution":"C:\\Users\\peace\\MealsToGo\\functions\\node_modules\\firebase-functions\\lib\\index.js"} {"metadata":{"emulator":{"name":"functions"},"function":{"name":"geocode"},"message":"[runtime-status] [6156] Resolved module firebase-functions {\"declared\":true,\"installed\":true,\"version\":\"3.13.2\",\"resolution\":\"C:\\\\Users\\\\peace\\\\MealsToGo\\\\functions\\\\node_modules\\\\firebase-functions\\\\lib\\\\index.js\"}"}}
[debug] [2021-04-03T19:20:31.279Z] [runtime-status] [6156] firebase-admin has been stubbed. {"adminResolution":{"declared":true,"installed":true,"version":"9.6.0","resolution":"C:\\Users\\peace\\MealsToGo\\functions\\node_modules\\firebase-admin\\lib\\index.js"}} {"metadata":{"emulator":{"name":"functions"},"function":{"name":"geocode"},"message":"[runtime-status] [6156] firebase-admin has been stubbed. {\"adminResolution\":{\"declared\":true,\"installed\":true,\"version\":\"9.6.0\",\"resolution\":\"C:\\\\Users\\\\peace\\\\MealsToGo\\\\functions\\\\node_modules\\\\firebase-admin\\\\lib\\\\index.js\"}}"}}
[debug] [2021-04-03T19:20:31.283Z] [runtime-status] [6156] Trigger "geocode" has been found, beginning invocation! {"metadata":{"emulator":{"name":"functions"},"function":{"name":"geocode"},"message":"[runtime-status] [6156] Trigger \"geocode\" has been found, beginning invocation!"}}
[info] i  functions: Beginning execution of "geocode" {"metadata":{"emulator":{"name":"functions"},"function":{"name":"geocode"},"message":"Beginning execution of \"geocode\""}}
[debug] [2021-04-03T19:20:31.284Z] [runtime-status] [6156] triggerDefinition {"httpsTrigger":{},"name":"geocode","entryPoint":"geocode"} {"metadata":{"emulator":{"name":"functions"},"function":{"name":"geocode"},"message":"[runtime-status] [6156] triggerDefinition {\"httpsTrigger\":{},\"name\":\"geocode\",\"entryPoint\":\"geocode\"}"}}
[debug] [2021-04-03T19:20:31.284Z] [runtime-status] [6156] Running geocode in mode HTTPS {"metadata":{"emulator":{"name":"functions"},"function":{"name":"geocode"},"message":"[runtime-status] [6156] Running geocode in mode HTTPS"}}
[debug] [2021-04-03T19:20:31.289Z] [runtime-status] [6156] Attempting to listen to socketPath: \\?\pipe\C:\Users\peace\MealsToGo\functions\6156 {"metadata":{"emulator":{"name":"functions"},"function":{"name":"geocode"},"message":"[runtime-status] [6156] Attempting to listen to socketPath: \\\\?\\pipe\\C:\\Users\\peace\\MealsToGo\\functions\\6156"}}
[debug] [2021-04-03T19:20:31.295Z] [functions] Runtime ready! Sending request! {"metadata":{"emulator":{"name":"functions"},"message":"[functions] Runtime ready! Sending request!"}}
[debug] [2021-04-03T19:20:31.295Z] [functions] Got req.url=/mealstogo-83d89/us-central1/geocode, mapping to path=/ {"metadata":{"emulator":{"name":"functions"},"message":"[functions] Got req.url=/mealstogo-83d89/us-central1/geocode, mapping to path=/"}}
[debug] [2021-04-03T19:20:31.308Z] [runtime-status] [6156] Ephemeral server handling GET request {"metadata":{"emulator":{"name":"functions"},"function":{"name":"geocode"},"message":"[runtime-status] [6156] Ephemeral server handling GET request"}}
[debug] [2021-04-03T19:20:31.310Z] [runtime-status] [6156] Ephemeral server survived. {"metadata":{"emulator":{"name":"functions"},"function":{"name":"geocode"},"message":"[runtime-status] [6156] Ephemeral server survived."}}
[warn] !  functions: TypeError: Cannot read property 'toLowerCase' of undefined
    at module.exports.geocodeRequest (C:\Users\peace\MealsToGo\functions\geocode\index.js:6:43)
    at exports.geocode.functions.https.onRequest (C:\Users\peace\MealsToGo\functions\index.js:5:3)
    at runFunction (C:\Users\peace\AppData\Roaming\nvm\v10.16.0\node_modules\firebase-tools\lib\emulator\functionsEmulatorRuntime.js:600:16)
    at runFunction (C:\Users\peace\AppData\Roaming\nvm\v10.16.0\node_modules\firebase-tools\lib\emulator\functionsEmulatorRuntime.js:579:15)
    at runHTTPS (C:\Users\peace\AppData\Roaming\nvm\v10.16.0\node_modules\firebase-tools\lib\emulator\functionsEmulatorRuntime.js:599:11)
    at handler (C:\Users\peace\AppData\Roaming\nvm\v10.16.0\node_modules\firebase-tools\lib\emulator\functionsEmulatorRuntime.js:528:23)
    at Layer.handle [as handle_request] (C:\Users\peace\AppData\Roaming\nvm\v10.16.0\node_modules\firebase-tools\node_modules\express\lib\router\layer.js:95:5)
    at next (C:\Users\peace\AppData\Roaming\nvm\v10.16.0\node_modules\firebase-tools\node_modules\express\lib\router\route.js:137:13)
    at Route.dispatch (C:\Users\peace\AppData\Roaming\nvm\v10.16.0\node_modules\firebase-tools\node_modules\express\lib\router\route.js:112:3)
    at Layer.handle [as handle_request] (C:\Users\peace\AppData\Roaming\nvm\v10.16.0\node_modules\firebase-tools\node_modules\express\lib\router\layer.js:95:5) {"metadata":{"emulator":{"name":"functions"},"function":{"name":"geocode"},"message":"TypeError: Cannot read property 'toLowerCase' of undefined\n    at module.exports.geocodeRequest (C:\\Users\\peace\\MealsToGo\\functions\\geocode\\index.js:6:43)\n    at exports.geocode.functions.https.onRequest (C:\\Users\\peace\\MealsToGo\\functions\\index.js:5:3)\n    at runFunction (C:\\Users\\peace\\AppData\\Roaming\\nvm\\v10.16.0\\node_modules\\firebase-tools\\lib\\emulator\\functionsEmulatorRuntime.js:600:16)\n    at runFunction (C:\\Users\\peace\\AppData\\Roaming\\nvm\\v10.16.0\\node_modules\\firebase-tools\\lib\\emulator\\functionsEmulatorRuntime.js:579:15)\n    at runHTTPS (C:\\Users\\peace\\AppData\\Roaming\\nvm\\v10.16.0\\node_modules\\firebase-tools\\lib\\emulator\\functionsEmulatorRuntime.js:599:11)\n    at handler (C:\\Users\\peace\\AppData\\Roaming\\nvm\\v10.16.0\\node_modules\\firebase-tools\\lib\\emulator\\functionsEmulatorRuntime.js:528:23)\n    at Layer.handle [as handle_request] (C:\\Users\\peace\\AppData\\Roaming\\nvm\\v10.16.0\\node_modules\\firebase-tools\\node_modules\\express\\lib\\router\\layer.js:95:5)\n    at next (C:\\Users\\peace\\AppData\\Roaming\\nvm\\v10.16.0\\node_modules\\firebase-tools\\node_modules\\express\\lib\\router\\route.js:137:13)\n    at Route.dispatch (C:\\Users\\peace\\AppData\\Roaming\\nvm\\v10.16.0\\node_modules\\firebase-tools\\node_modules\\express\\lib\\router\\route.js:112:3)\n    at Layer.handle [as handle_request] (C:\\Users\\peace\\AppData\\Roaming\\nvm\\v10.16.0\\node_modules\\firebase-tools\\node_modules\\express\\lib\\router\\layer.js:95:5)"}}
[warn] !  Your function was killed because it raised an unhandled error. {"metadata":{"emulator":{"name":"functions"},"function":{"name":"geocode"},"message":"Your function was killed because it raised an unhandled error."}}
[debug] [2021-04-03T19:20:31.329Z] [worker-geocode-148ba698-71f6-45ba-9be3-0c799d064464]: exited {"metadata":{"emulator":{"name":"functions"},"message":"[worker-geocode-148ba698-71f6-45ba-9be3-0c799d064464]: exited"}}
[debug] [2021-04-03T19:20:31.330Z] [worker-geocode-148ba698-71f6-45ba-9be3-0c799d064464]: FINISHED {"metadata":{"emulator":{"name":"functions"},"message":"[worker-geocode-148ba698-71f6-45ba-9be3-0c799d064464]: FINISHED"}}
[debug] [2021-04-03T19:20:31.330Z] [work-queue] {"queueLength":0,"workRunningCount":0}
[debug] [2021-04-03T19:21:27.038Z] [work-queue] {"queueLength":1,"workRunningCount":0}
[debug] [2021-04-03T19:21:27.038Z] [work-queue] {"queueLength":0,"workRunningCount":1}
[debug] [2021-04-03T19:21:27.038Z] Accepted request GET /mealstogo-83d89/us-central1/geocode --> geocode
[debug] [2021-04-03T19:21:27.038Z] [worker-pool] Cleaned up workers for geocode: 1 --> 0 {"metadata":{"emulator":{"name":"functions"},"message":"[worker-pool] Cleaned up workers for geocode: 1 --> 0"}}
[debug] [2021-04-03T19:21:27.086Z] [worker-pool] addWorker(geocode) {"metadata":{"emulator":{"name":"functions"},"message":"[worker-pool] addWorker(geocode)"}}
[debug] [2021-04-03T19:21:27.087Z] [worker-pool] Adding worker with key geocode, total=1 {"metadata":{"emulator":{"name":"functions"},"message":"[worker-pool] Adding worker with key geocode, total=1"}}
[debug] [2021-04-03T19:21:27.087Z] [worker-pool] submitWork(triggerId=geocode) {"metadata":{"emulator":{"name":"functions"},"message":"[worker-pool] submitWork(triggerId=geocode)"}}
[debug] [2021-04-03T19:21:27.087Z] [worker-geocode-fdae0d8a-7dcf-4f60-b2ba-d4650bb51c9e]: Assigning socketPath: \\?\pipe\C:\Users\peace\MealsToGo\functions\19592 {"metadata":{"emulator":{"name":"functions"},"message":"[worker-geocode-fdae0d8a-7dcf-4f60-b2ba-d4650bb51c9e]: Assigning socketPath: \\\\?\\pipe\\C:\\Users\\peace\\MealsToGo\\functions\\19592"}}
[debug] [2021-04-03T19:21:27.087Z] [worker-geocode-fdae0d8a-7dcf-4f60-b2ba-d4650bb51c9e]: BUSY {"metadata":{"emulator":{"name":"functions"},"message":"[worker-geocode-fdae0d8a-7dcf-4f60-b2ba-d4650bb51c9e]: BUSY"}}
[debug] [2021-04-03T19:21:27.726Z] [runtime-status] [19592] Functions runtime initialized. {"cwd":"C:\\Users\\peace\\MealsToGo\\functions","node_version":"10.16.0"} {"metadata":{"emulator":{"name":"functions"},"function":{"name":"geocode"},"message":"[runtime-status] [19592] Functions runtime initialized. {\"cwd\":\"C:\\\\Users\\\\peace\\\\MealsToGo\\\\functions\",\"node_version\":\"10.16.0\"}"}}
[debug] [2021-04-03T19:21:27.729Z] [runtime-status] [19592] Disabled runtime features: undefined {"metadata":{"emulator":{"name":"functions"},"function":{"name":"geocode"},"message":"[runtime-status] [19592] Disabled runtime features: undefined"}}
[debug] [2021-04-03T19:21:27.737Z] [runtime-status] [19592] Resolved module firebase-admin {"declared":true,"installed":true,"version":"9.6.0","resolution":"C:\\Users\\peace\\MealsToGo\\functions\\node_modules\\firebase-admin\\lib\\index.js"} {"metadata":{"emulator":{"name":"functions"},"function":{"name":"geocode"},"message":"[runtime-status] [19592] Resolved module firebase-admin {\"declared\":true,\"installed\":true,\"version\":\"9.6.0\",\"resolution\":\"C:\\\\Users\\\\peace\\\\MealsToGo\\\\functions\\\\node_modules\\\\firebase-admin\\\\lib\\\\index.js\"}"}}
[debug] [2021-04-03T19:21:27.741Z] [runtime-status] [19592] Resolved module firebase-functions {"declared":true,"installed":true,"version":"3.13.2","resolution":"C:\\Users\\peace\\MealsToGo\\functions\\node_modules\\firebase-functions\\lib\\index.js"} {"metadata":{"emulator":{"name":"functions"},"function":{"name":"geocode"},"message":"[runtime-status] [19592] Resolved module firebase-functions {\"declared\":true,\"installed\":true,\"version\":\"3.13.2\",\"resolution\":\"C:\\\\Users\\\\peace\\\\MealsToGo\\\\functions\\\\node_modules\\\\firebase-functions\\\\lib\\\\index.js\"}"}}
[debug] [2021-04-03T19:21:27.743Z] [runtime-status] [19592] Resolved module firebase-functions {"declared":true,"installed":true,"version":"3.13.2","resolution":"C:\\Users\\peace\\MealsToGo\\functions\\node_modules\\firebase-functions\\lib\\index.js"} {"metadata":{"emulator":{"name":"functions"},"function":{"name":"geocode"},"message":"[runtime-status] [19592] Resolved module firebase-functions {\"declared\":true,\"installed\":true,\"version\":\"3.13.2\",\"resolution\":\"C:\\\\Users\\\\peace\\\\MealsToGo\\\\functions\\\\node_modules\\\\firebase-functions\\\\lib\\\\index.js\"}"}}
[debug] [2021-04-03T19:21:27.748Z] [runtime-status] [19592] Outgoing network have been stubbed. [{"name":"http","status":"mocked"},{"name":"http","status":"mocked"},{"name":"https","status":"mocked"},{"name":"https","status":"mocked"},{"name":"net","status":"mocked"}] {"metadata":{"emulator":{"name":"functions"},"function":{"name":"geocode"},"message":"[runtime-status] [19592] Outgoing network have been stubbed. [{\"name\":\"http\",\"status\":\"mocked\"},{\"name\":\"http\",\"status\":\"mocked\"},{\"name\":\"https\",\"status\":\"mocked\"},{\"name\":\"https\",\"status\":\"mocked\"},{\"name\":\"net\",\"status\":\"mocked\"}]"}}
[debug] [2021-04-03T19:21:27.749Z] [runtime-status] [19592] Resolved module firebase-functions {"declared":true,"installed":true,"version":"3.13.2","resolution":"C:\\Users\\peace\\MealsToGo\\functions\\node_modules\\firebase-functions\\lib\\index.js"} {"metadata":{"emulator":{"name":"functions"},"function":{"name":"geocode"},"message":"[runtime-status] [19592] Resolved module firebase-functions {\"declared\":true,\"installed\":true,\"version\":\"3.13.2\",\"resolution\":\"C:\\\\Users\\\\peace\\\\MealsToGo\\\\functions\\\\node_modules\\\\firebase-functions\\\\lib\\\\index.js\"}"}}
[debug] [2021-04-03T19:21:27.842Z] [runtime-status] [19592] Checked functions.config() {"config":{}} {"metadata":{"emulator":{"name":"functions"},"function":{"name":"geocode"},"message":"[runtime-status] [19592] Checked functions.config() {\"config\":{}}"}}
[debug] [2021-04-03T19:21:27.844Z] [runtime-status] [19592] firebase-functions has been stubbed. {"functionsResolution":{"declared":true,"installed":true,"version":"3.13.2","resolution":"C:\\Users\\peace\\MealsToGo\\functions\\node_modules\\firebase-functions\\lib\\index.js"}} {"metadata":{"emulator":{"name":"functions"},"function":{"name":"geocode"},"message":"[runtime-status] [19592] firebase-functions has been stubbed. {\"functionsResolution\":{\"declared\":true,\"installed\":true,\"version\":\"3.13.2\",\"resolution\":\"C:\\\\Users\\\\peace\\\\MealsToGo\\\\functions\\\\node_modules\\\\firebase-functions\\\\lib\\\\index.js\"}}"}}
[debug] [2021-04-03T19:21:27.844Z] [runtime-status] [19592] Resolved module firebase-functions {"declared":true,"installed":true,"version":"3.13.2","resolution":"C:\\Users\\peace\\MealsToGo\\functions\\node_modules\\firebase-functions\\lib\\index.js"} {"metadata":{"emulator":{"name":"functions"},"function":{"name":"geocode"},"message":"[runtime-status] [19592] Resolved module firebase-functions {\"declared\":true,\"installed\":true,\"version\":\"3.13.2\",\"resolution\":\"C:\\\\Users\\\\peace\\\\MealsToGo\\\\functions\\\\node_modules\\\\firebase-functions\\\\lib\\\\index.js\"}"}}
[debug] [2021-04-03T19:21:27.845Z] [runtime-status] [19592] Resolved module firebase-admin {"declared":true,"installed":true,"version":"9.6.0","resolution":"C:\\Users\\peace\\MealsToGo\\functions\\node_modules\\firebase-admin\\lib\\index.js"} {"metadata":{"emulator":{"name":"functions"},"function":{"name":"geocode"},"message":"[runtime-status] [19592] Resolved module firebase-admin {\"declared\":true,\"installed\":true,\"version\":\"9.6.0\",\"resolution\":\"C:\\\\Users\\\\peace\\\\MealsToGo\\\\functions\\\\node_modules\\\\firebase-admin\\\\lib\\\\index.js\"}"}}
[debug] [2021-04-03T19:21:27.846Z] [runtime-status] [19592] Resolved module firebase-functions {"declared":true,"installed":true,"version":"3.13.2","resolution":"C:\\Users\\peace\\MealsToGo\\functions\\node_modules\\firebase-functions\\lib\\index.js"} {"metadata":{"emulator":{"name":"functions"},"function":{"name":"geocode"},"message":"[runtime-status] [19592] Resolved module firebase-functions {\"declared\":true,\"installed\":true,\"version\":\"3.13.2\",\"resolution\":\"C:\\\\Users\\\\peace\\\\MealsToGo\\\\functions\\\\node_modules\\\\firebase-functions\\\\lib\\\\index.js\"}"}}
[debug] [2021-04-03T19:21:27.846Z] [runtime-status] [19592] firebase-admin has been stubbed. {"adminResolution":{"declared":true,"installed":true,"version":"9.6.0","resolution":"C:\\Users\\peace\\MealsToGo\\functions\\node_modules\\firebase-admin\\lib\\index.js"}} {"metadata":{"emulator":{"name":"functions"},"function":{"name":"geocode"},"message":"[runtime-status] [19592] firebase-admin has been stubbed. {\"adminResolution\":{\"declared\":true,\"installed\":true,\"version\":\"9.6.0\",\"resolution\":\"C:\\\\Users\\\\peace\\\\MealsToGo\\\\functions\\\\node_modules\\\\firebase-admin\\\\lib\\\\index.js\"}}"}}
[debug] [2021-04-03T19:21:27.853Z] [runtime-status] [19592] Trigger "geocode" has been found, beginning invocation! {"metadata":{"emulator":{"name":"functions"},"function":{"name":"geocode"},"message":"[runtime-status] [19592] Trigger \"geocode\" has been found, beginning invocation!"}}
[info] i  functions: Beginning execution of "geocode" {"metadata":{"emulator":{"name":"functions"},"function":{"name":"geocode"},"message":"Beginning execution of \"geocode\""}}
[debug] [2021-04-03T19:21:27.855Z] [runtime-status] [19592] triggerDefinition {"httpsTrigger":{},"name":"geocode","entryPoint":"geocode"} {"metadata":{"emulator":{"name":"functions"},"function":{"name":"geocode"},"message":"[runtime-status] [19592] triggerDefinition {\"httpsTrigger\":{},\"name\":\"geocode\",\"entryPoint\":\"geocode\"}"}}
[debug] [2021-04-03T19:21:27.855Z] [runtime-status] [19592] Running geocode in mode HTTPS {"metadata":{"emulator":{"name":"functions"},"function":{"name":"geocode"},"message":"[runtime-status] [19592] Running geocode in mode HTTPS"}}
[debug] [2021-04-03T19:21:27.863Z] [runtime-status] [19592] Attempting to listen to socketPath: \\?\pipe\C:\Users\peace\MealsToGo\functions\19592 {"metadata":{"emulator":{"name":"functions"},"function":{"name":"geocode"},"message":"[runtime-status] [19592] Attempting to listen to socketPath: \\\\?\\pipe\\C:\\Users\\peace\\MealsToGo\\functions\\19592"}}
[debug] [2021-04-03T19:21:27.871Z] [functions] Runtime ready! Sending request! {"metadata":{"emulator":{"name":"functions"},"message":"[functions] Runtime ready! Sending request!"}}
[debug] [2021-04-03T19:21:27.871Z] [functions] Got req.url=/mealstogo-83d89/us-central1/geocode, mapping to path=/ {"metadata":{"emulator":{"name":"functions"},"message":"[functions] Got req.url=/mealstogo-83d89/us-central1/geocode, mapping to path=/"}}
[debug] [2021-04-03T19:21:27.887Z] [runtime-status] [19592] Ephemeral server handling GET request {"metadata":{"emulator":{"name":"functions"},"function":{"name":"geocode"},"message":"[runtime-status] [19592] Ephemeral server handling GET request"}}
[debug] [2021-04-03T19:21:27.889Z] [runtime-status] [19592] Ephemeral server survived. {"metadata":{"emulator":{"name":"functions"},"function":{"name":"geocode"},"message":"[runtime-status] [19592] Ephemeral server survived."}}
[warn] !  functions: TypeError: Cannot read property 'toLowerCase' of undefined
    at module.exports.geocodeRequest (C:\Users\peace\MealsToGo\functions\geocode\index.js:6:43)
    at exports.geocode.functions.https.onRequest (C:\Users\peace\MealsToGo\functions\index.js:5:3)
    at runFunction (C:\Users\peace\AppData\Roaming\nvm\v10.16.0\node_modules\firebase-tools\lib\emulator\functionsEmulatorRuntime.js:600:16)
    at runFunction (C:\Users\peace\AppData\Roaming\nvm\v10.16.0\node_modules\firebase-tools\lib\emulator\functionsEmulatorRuntime.js:579:15)
    at runHTTPS (C:\Users\peace\AppData\Roaming\nvm\v10.16.0\node_modules\firebase-tools\lib\emulator\functionsEmulatorRuntime.js:599:11)
    at handler (C:\Users\peace\AppData\Roaming\nvm\v10.16.0\node_modules\firebase-tools\lib\emulator\functionsEmulatorRuntime.js:528:23)
    at Layer.handle [as handle_request] (C:\Users\peace\AppData\Roaming\nvm\v10.16.0\node_modules\firebase-tools\node_modules\express\lib\router\layer.js:95:5)
    at next (C:\Users\peace\AppData\Roaming\nvm\v10.16.0\node_modules\firebase-tools\node_modules\express\lib\router\route.js:137:13)
    at Route.dispatch (C:\Users\peace\AppData\Roaming\nvm\v10.16.0\node_modules\firebase-tools\node_modules\express\lib\router\route.js:112:3)
    at Layer.handle [as handle_request] (C:\Users\peace\AppData\Roaming\nvm\v10.16.0\node_modules\firebase-tools\node_modules\express\lib\router\layer.js:95:5) {"metadata":{"emulator":{"name":"functions"},"function":{"name":"geocode"},"message":"TypeError: Cannot read property 'toLowerCase' of undefined\n    at module.exports.geocodeRequest (C:\\Users\\peace\\MealsToGo\\functions\\geocode\\index.js:6:43)\n    at exports.geocode.functions.https.onRequest (C:\\Users\\peace\\MealsToGo\\functions\\index.js:5:3)\n    at runFunction (C:\\Users\\peace\\AppData\\Roaming\\nvm\\v10.16.0\\node_modules\\firebase-tools\\lib\\emulator\\functionsEmulatorRuntime.js:600:16)\n    at runFunction (C:\\Users\\peace\\AppData\\Roaming\\nvm\\v10.16.0\\node_modules\\firebase-tools\\lib\\emulator\\functionsEmulatorRuntime.js:579:15)\n    at runHTTPS (C:\\Users\\peace\\AppData\\Roaming\\nvm\\v10.16.0\\node_modules\\firebase-tools\\lib\\emulator\\functionsEmulatorRuntime.js:599:11)\n    at handler (C:\\Users\\peace\\AppData\\Roaming\\nvm\\v10.16.0\\node_modules\\firebase-tools\\lib\\emulator\\functionsEmulatorRuntime.js:528:23)\n    at Layer.handle [as handle_request] (C:\\Users\\peace\\AppData\\Roaming\\nvm\\v10.16.0\\node_modules\\firebase-tools\\node_modules\\express\\lib\\router\\layer.js:95:5)\n    at next (C:\\Users\\peace\\AppData\\Roaming\\nvm\\v10.16.0\\node_modules\\firebase-tools\\node_modules\\express\\lib\\router\\route.js:137:13)\n    at Route.dispatch (C:\\Users\\peace\\AppData\\Roaming\\nvm\\v10.16.0\\node_modules\\firebase-tools\\node_modules\\express\\lib\\router\\route.js:112:3)\n    at Layer.handle [as handle_request] (C:\\Users\\peace\\AppData\\Roaming\\nvm\\v10.16.0\\node_modules\\firebase-tools\\node_modules\\express\\lib\\router\\layer.js:95:5)"}}
[warn] !  Your function was killed because it raised an unhandled error. {"metadata":{"emulator":{"name":"functions"},"function":{"name":"geocode"},"message":"Your function was killed because it raised an unhandled error."}}
[debug] [2021-04-03T19:21:27.919Z] [worker-geocode-fdae0d8a-7dcf-4f60-b2ba-d4650bb51c9e]: exited {"metadata":{"emulator":{"name":"functions"},"message":"[worker-geocode-fdae0d8a-7dcf-4f60-b2ba-d4650bb51c9e]: exited"}}
[debug] [2021-04-03T19:21:27.920Z] [worker-geocode-fdae0d8a-7dcf-4f60-b2ba-d4650bb51c9e]: FINISHED {"metadata":{"emulator":{"name":"functions"},"message":"[worker-geocode-fdae0d8a-7dcf-4f60-b2ba-d4650bb51c9e]: FINISHED"}}
[debug] [2021-04-03T19:21:27.920Z] [work-queue] {"queueLength":0,"workRunningCount":0}
