[debug] [2021-04-04T03:37:23.899Z] ----------------------------------------------------------------------
[debug] [2021-04-04T03:37:23.901Z] Command:       C:\Program Files\nodejs\node.exe C:\Program Files\nodejs\node_modules\firebase-tools\lib\bin\firebase.js serve
[debug] [2021-04-04T03:37:23.902Z] CLI Version:   9.8.0
[debug] [2021-04-04T03:37:23.902Z] Platform:      win32
[debug] [2021-04-04T03:37:23.902Z] Node Version:  v10.16.0
[debug] [2021-04-04T03:37:23.903Z] Time:          Sat Apr 03 2021 20:37:23 GMT-0700 (Pacific Daylight Time)
[debug] [2021-04-04T03:37:23.904Z] ----------------------------------------------------------------------
[debug] 
[debug] [2021-04-04T03:37:23.920Z] > command requires scopes: ["email","openid","https://www.googleapis.com/auth/cloudplatformprojects.readonly","https://www.googleapis.com/auth/firebase","https://www.googleapis.com/auth/cloud-platform"]
[debug] [2021-04-04T03:37:23.920Z] > authorizing via signed-in user
[debug] [2021-04-04T03:37:23.921Z] [iam] checking project mealstogo-83d89 for permissions ["firebase.projects.get"]
[debug] [2021-04-04T03:37:23.926Z] > refreshing access token with scopes: ["email","https://www.googleapis.com/auth/cloud-platform","https://www.googleapis.com/auth/cloudplatformprojects.readonly","https://www.googleapis.com/auth/firebase","openid"]
[debug] [2021-04-04T03:37:23.926Z] >>> HTTP REQUEST POST https://www.googleapis.com/oauth2/v3/token  
 <request body omitted>
[debug] [2021-04-04T03:37:24.474Z] <<< HTTP RESPONSE 200 {"cache-control":"no-cache, no-store, max-age=0, must-revalidate","pragma":"no-cache","expires":"Mon, 01 Jan 1990 00:00:00 GMT","date":"Sun, 04 Apr 2021 03:37:25 GMT","content-type":"application/json; charset=utf-8","vary":"X-Origin, Referer, Origin,Accept-Encoding","server":"scaffolding on HTTPServer2","x-xss-protection":"0","x-frame-options":"SAMEORIGIN","x-content-type-options":"nosniff","alt-svc":"h3-29=\":443\"; ma=2592000,h3-T051=\":443\"; ma=2592000,h3-Q050=\":443\"; ma=2592000,h3-Q046=\":443\"; ma=2592000,h3-Q043=\":443\"; ma=2592000,quic=\":443\"; ma=2592000; v=\"46,43\"","accept-ranges":"none","transfer-encoding":"chunked"}
[debug] [2021-04-04T03:37:24.494Z] >>> HTTP REQUEST POST https://cloudresourcemanager.googleapis.com/v1/projects/mealstogo-83d89:testIamPermissions  
 {"permissions":["firebase.projects.get"]}
[debug] [2021-04-04T03:37:25.278Z] <<< HTTP RESPONSE 200 {"content-type":"application/json; charset=UTF-8","vary":"X-Origin, Referer, Origin,Accept-Encoding","date":"Sun, 04 Apr 2021 03:37:26 GMT","server":"ESF","cache-control":"private","x-xss-protection":"0","x-frame-options":"SAMEORIGIN","x-content-type-options":"nosniff","server-timing":"gfet4t7; dur=55","alt-svc":"h3-29=\":443\"; ma=2592000,h3-T051=\":443\"; ma=2592000,h3-Q050=\":443\"; ma=2592000,h3-Q046=\":443\"; ma=2592000,h3-Q043=\":443\"; ma=2592000,quic=\":443\"; ma=2592000; v=\"46,43\"","accept-ranges":"none","transfer-encoding":"chunked"}
[debug] [2021-04-04T03:37:25.283Z] > refreshing access token with scopes: []
[debug] [2021-04-04T03:37:25.283Z] >>> HTTP REQUEST POST https://www.googleapis.com/oauth2/v3/token  
 <request body omitted>
[debug] [2021-04-04T03:37:25.576Z] <<< HTTP RESPONSE 200 {"date":"Sun, 04 Apr 2021 03:37:26 GMT","expires":"Mon, 01 Jan 1990 00:00:00 GMT","cache-control":"no-cache, no-store, max-age=0, must-revalidate","pragma":"no-cache","content-type":"application/json; charset=utf-8","vary":"X-Origin, Referer, Origin,Accept-Encoding","server":"scaffolding on HTTPServer2","x-xss-protection":"0","x-frame-options":"SAMEORIGIN","x-content-type-options":"nosniff","alt-svc":"h3-29=\":443\"; ma=2592000,h3-T051=\":443\"; ma=2592000,h3-Q050=\":443\"; ma=2592000,h3-Q046=\":443\"; ma=2592000,h3-Q043=\":443\"; ma=2592000,quic=\":443\"; ma=2592000; v=\"46,43\"","accept-ranges":"none","transfer-encoding":"chunked"}
[debug] [2021-04-04T03:37:25.595Z] >>> [apiv2][query] GET https://firebase.googleapis.com/v1beta1/projects/mealstogo-83d89 [none]
[debug] [2021-04-04T03:37:26.379Z] <<< [apiv2][status] GET https://firebase.googleapis.com/v1beta1/projects/mealstogo-83d89 200
[debug] [2021-04-04T03:37:26.379Z] <<< [apiv2][body] GET https://firebase.googleapis.com/v1beta1/projects/mealstogo-83d89 {"projectId":"mealstogo-83d89","projectNumber":"171098700811","displayName":"MealsToGo","name":"projects/mealstogo-83d89","resources":{"hostingSite":"mealstogo-83d89"},"state":"ACTIVE"}
[info] 
[info] === Serving from 'C:\Users\peace\MealsToGo'...
[info] 
[warn] !  Your requested "node" version "12" doesn't match your global version "10" {"metadata":{"emulator":{"name":"functions"},"message":"Your requested \"node\" version \"12\" doesn't match your global version \"10\""}}
[debug] [2021-04-04T03:37:28.449Z] defaultcredentials: writing to file C:\Users\peace\AppData\Roaming\firebase\peacebefore_gmail_com_application_default_credentials.json
[debug] [2021-04-04T03:37:28.455Z] Setting GAC to C:\Users\peace\AppData\Roaming\firebase\peacebefore_gmail_com_application_default_credentials.json {"metadata":{"emulator":{"name":"functions"},"message":"Setting GAC to C:\\Users\\peace\\AppData\\Roaming\\firebase\\peacebefore_gmail_com_application_default_credentials.json"}}
[debug] [2021-04-04T03:37:28.456Z] >>> [apiv2][query] GET https://firebase.googleapis.com/v1beta1/projects/mealstogo-83d89/adminSdkConfig [none]
[debug] [2021-04-04T03:37:28.927Z] <<< [apiv2][status] GET https://firebase.googleapis.com/v1beta1/projects/mealstogo-83d89/adminSdkConfig 200
[debug] [2021-04-04T03:37:28.928Z] <<< [apiv2][body] GET https://firebase.googleapis.com/v1beta1/projects/mealstogo-83d89/adminSdkConfig {"projectId":"mealstogo-83d89","storageBucket":"mealstogo-83d89.appspot.com"}
[info] i  functions: Watching "C:\Users\peace\MealsToGo\functions" for Cloud Functions... {"metadata":{"emulator":{"name":"functions"},"message":"Watching \"C:\\Users\\peace\\MealsToGo\\functions\" for Cloud Functions..."}}
[debug] [2021-04-04T03:37:29.033Z] [worker-pool] addWorker(~diagnostic~) {"metadata":{"emulator":{"name":"functions"},"message":"[worker-pool] addWorker(~diagnostic~)"}}
[debug] [2021-04-04T03:37:29.034Z] [worker-pool] Adding worker with key ~diagnostic~, total=1 {"metadata":{"emulator":{"name":"functions"},"message":"[worker-pool] Adding worker with key ~diagnostic~, total=1"}}
[debug] [2021-04-04T03:37:29.034Z] [worker-pool] submitWork(triggerId=) {"metadata":{"emulator":{"name":"functions"},"message":"[worker-pool] submitWork(triggerId=)"}}
[debug] [2021-04-04T03:37:29.035Z] [worker-~diagnostic~-ccb46577-6335-472e-9be2-d42f02f08de8]: Assigning socketPath: \\?\pipe\C:\Users\peace\MealsToGo\functions\17364 {"metadata":{"emulator":{"name":"functions"},"message":"[worker-~diagnostic~-ccb46577-6335-472e-9be2-d42f02f08de8]: Assigning socketPath: \\\\?\\pipe\\C:\\Users\\peace\\MealsToGo\\functions\\17364"}}
[debug] [2021-04-04T03:37:29.035Z] [worker-~diagnostic~-ccb46577-6335-472e-9be2-d42f02f08de8]: BUSY {"metadata":{"emulator":{"name":"functions"},"message":"[worker-~diagnostic~-ccb46577-6335-472e-9be2-d42f02f08de8]: BUSY"}}
[debug] [2021-04-04T03:37:29.728Z] [runtime-status] [17364] Functions runtime initialized. {"cwd":"C:\\Users\\peace\\MealsToGo\\functions","node_version":"10.16.0"} {"metadata":{"emulator":{"name":"functions"},"message":"[runtime-status] [17364] Functions runtime initialized. {\"cwd\":\"C:\\\\Users\\\\peace\\\\MealsToGo\\\\functions\",\"node_version\":\"10.16.0\"}"}}
[debug] [2021-04-04T03:37:29.731Z] [runtime-status] [17364] Disabled runtime features: undefined {"metadata":{"emulator":{"name":"functions"},"message":"[runtime-status] [17364] Disabled runtime features: undefined"}}
[debug] [2021-04-04T03:37:29.742Z] [runtime-status] [17364] Resolved module firebase-admin {"declared":true,"installed":true,"version":"9.6.0","resolution":"C:\\Users\\peace\\MealsToGo\\functions\\node_modules\\firebase-admin\\lib\\index.js"} {"metadata":{"emulator":{"name":"functions"},"message":"[runtime-status] [17364] Resolved module firebase-admin {\"declared\":true,\"installed\":true,\"version\":\"9.6.0\",\"resolution\":\"C:\\\\Users\\\\peace\\\\MealsToGo\\\\functions\\\\node_modules\\\\firebase-admin\\\\lib\\\\index.js\"}"}}
[debug] [2021-04-04T03:37:29.747Z] [runtime-status] [17364] Resolved module firebase-functions {"declared":true,"installed":true,"version":"3.13.2","resolution":"C:\\Users\\peace\\MealsToGo\\functions\\node_modules\\firebase-functions\\lib\\index.js"} {"metadata":{"emulator":{"name":"functions"},"message":"[runtime-status] [17364] Resolved module firebase-functions {\"declared\":true,\"installed\":true,\"version\":\"3.13.2\",\"resolution\":\"C:\\\\Users\\\\peace\\\\MealsToGo\\\\functions\\\\node_modules\\\\firebase-functions\\\\lib\\\\index.js\"}"}}
[debug] [2021-04-04T03:37:29.750Z] [runtime-status] [17364] Resolved module firebase-functions {"declared":true,"installed":true,"version":"3.13.2","resolution":"C:\\Users\\peace\\MealsToGo\\functions\\node_modules\\firebase-functions\\lib\\index.js"} {"metadata":{"emulator":{"name":"functions"},"message":"[runtime-status] [17364] Resolved module firebase-functions {\"declared\":true,\"installed\":true,\"version\":\"3.13.2\",\"resolution\":\"C:\\\\Users\\\\peace\\\\MealsToGo\\\\functions\\\\node_modules\\\\firebase-functions\\\\lib\\\\index.js\"}"}}
[debug] [2021-04-04T03:37:29.760Z] [runtime-status] [17364] Outgoing network have been stubbed. [{"name":"http","status":"mocked"},{"name":"http","status":"mocked"},{"name":"https","status":"mocked"},{"name":"https","status":"mocked"},{"name":"net","status":"mocked"}] {"metadata":{"emulator":{"name":"functions"},"message":"[runtime-status] [17364] Outgoing network have been stubbed. [{\"name\":\"http\",\"status\":\"mocked\"},{\"name\":\"http\",\"status\":\"mocked\"},{\"name\":\"https\",\"status\":\"mocked\"},{\"name\":\"https\",\"status\":\"mocked\"},{\"name\":\"net\",\"status\":\"mocked\"}]"}}
[debug] [2021-04-04T03:37:29.761Z] [runtime-status] [17364] Resolved module firebase-functions {"declared":true,"installed":true,"version":"3.13.2","resolution":"C:\\Users\\peace\\MealsToGo\\functions\\node_modules\\firebase-functions\\lib\\index.js"} {"metadata":{"emulator":{"name":"functions"},"message":"[runtime-status] [17364] Resolved module firebase-functions {\"declared\":true,\"installed\":true,\"version\":\"3.13.2\",\"resolution\":\"C:\\\\Users\\\\peace\\\\MealsToGo\\\\functions\\\\node_modules\\\\firebase-functions\\\\lib\\\\index.js\"}"}}
[debug] [2021-04-04T03:37:29.894Z] [runtime-status] [17364] Checked functions.config() {"config":{}} {"metadata":{"emulator":{"name":"functions"},"message":"[runtime-status] [17364] Checked functions.config() {\"config\":{}}"}}
[debug] [2021-04-04T03:37:29.895Z] [runtime-status] [17364] firebase-functions has been stubbed. {"functionsResolution":{"declared":true,"installed":true,"version":"3.13.2","resolution":"C:\\Users\\peace\\MealsToGo\\functions\\node_modules\\firebase-functions\\lib\\index.js"}} {"metadata":{"emulator":{"name":"functions"},"message":"[runtime-status] [17364] firebase-functions has been stubbed. {\"functionsResolution\":{\"declared\":true,\"installed\":true,\"version\":\"3.13.2\",\"resolution\":\"C:\\\\Users\\\\peace\\\\MealsToGo\\\\functions\\\\node_modules\\\\firebase-functions\\\\lib\\\\index.js\"}}"}}
[debug] [2021-04-04T03:37:29.896Z] [runtime-status] [17364] Resolved module firebase-functions {"declared":true,"installed":true,"version":"3.13.2","resolution":"C:\\Users\\peace\\MealsToGo\\functions\\node_modules\\firebase-functions\\lib\\index.js"} {"metadata":{"emulator":{"name":"functions"},"message":"[runtime-status] [17364] Resolved module firebase-functions {\"declared\":true,\"installed\":true,\"version\":\"3.13.2\",\"resolution\":\"C:\\\\Users\\\\peace\\\\MealsToGo\\\\functions\\\\node_modules\\\\firebase-functions\\\\lib\\\\index.js\"}"}}
[debug] [2021-04-04T03:37:29.898Z] [runtime-status] [17364] Resolved module firebase-admin {"declared":true,"installed":true,"version":"9.6.0","resolution":"C:\\Users\\peace\\MealsToGo\\functions\\node_modules\\firebase-admin\\lib\\index.js"} {"metadata":{"emulator":{"name":"functions"},"message":"[runtime-status] [17364] Resolved module firebase-admin {\"declared\":true,\"installed\":true,\"version\":\"9.6.0\",\"resolution\":\"C:\\\\Users\\\\peace\\\\MealsToGo\\\\functions\\\\node_modules\\\\firebase-admin\\\\lib\\\\index.js\"}"}}
[debug] [2021-04-04T03:37:29.900Z] [runtime-status] [17364] Resolved module firebase-functions {"declared":true,"installed":true,"version":"3.13.2","resolution":"C:\\Users\\peace\\MealsToGo\\functions\\node_modules\\firebase-functions\\lib\\index.js"} {"metadata":{"emulator":{"name":"functions"},"message":"[runtime-status] [17364] Resolved module firebase-functions {\"declared\":true,\"installed\":true,\"version\":\"3.13.2\",\"resolution\":\"C:\\\\Users\\\\peace\\\\MealsToGo\\\\functions\\\\node_modules\\\\firebase-functions\\\\lib\\\\index.js\"}"}}
[debug] [2021-04-04T03:37:29.900Z] [runtime-status] [17364] firebase-admin has been stubbed. {"adminResolution":{"declared":true,"installed":true,"version":"9.6.0","resolution":"C:\\Users\\peace\\MealsToGo\\functions\\node_modules\\firebase-admin\\lib\\index.js"}} {"metadata":{"emulator":{"name":"functions"},"message":"[runtime-status] [17364] firebase-admin has been stubbed. {\"adminResolution\":{\"declared\":true,\"installed\":true,\"version\":\"9.6.0\",\"resolution\":\"C:\\\\Users\\\\peace\\\\MealsToGo\\\\functions\\\\node_modules\\\\firebase-admin\\\\lib\\\\index.js\"}}"}}
[info] +  functions[geocode]: http function initialized (http://localhost:5000/mealstogo-83d89/us-central1/geocode). {"metadata":{"emulator":{"name":"functions"},"message":"\u001b[1mhttp\u001b[22m function initialized (http://localhost:5000/mealstogo-83d89/us-central1/geocode)."}}
[info] +  functions[placesNearby]: http function initialized (http://localhost:5000/mealstogo-83d89/us-central1/placesNearby). {"metadata":{"emulator":{"name":"functions"},"message":"\u001b[1mhttp\u001b[22m function initialized (http://localhost:5000/mealstogo-83d89/us-central1/placesNearby)."}}
[debug] [2021-04-04T03:37:29.934Z] [worker-~diagnostic~-ccb46577-6335-472e-9be2-d42f02f08de8]: IDLE {"metadata":{"emulator":{"name":"functions"},"message":"[worker-~diagnostic~-ccb46577-6335-472e-9be2-d42f02f08de8]: IDLE"}}
[debug] [2021-04-04T04:42:00.828Z] ----------------------------------------------------------------------
[debug] [2021-04-04T04:42:00.830Z] Command:       C:\Program Files\nodejs\node.exe C:\Program Files\nodejs\node_modules\firebase-tools\lib\bin\firebase.js serve
[debug] [2021-04-04T04:42:00.831Z] CLI Version:   9.8.0
[debug] [2021-04-04T04:42:00.831Z] Platform:      win32
[debug] [2021-04-04T04:42:00.831Z] Node Version:  v10.16.0
[debug] [2021-04-04T04:42:00.833Z] Time:          Sat Apr 03 2021 21:42:00 GMT-0700 (Pacific Daylight Time)
[debug] [2021-04-04T04:42:00.833Z] ----------------------------------------------------------------------
[debug] 
[debug] [2021-04-04T04:42:00.849Z] > command requires scopes: ["email","openid","https://www.googleapis.com/auth/cloudplatformprojects.readonly","https://www.googleapis.com/auth/firebase","https://www.googleapis.com/auth/cloud-platform"]
[debug] [2021-04-04T04:42:00.849Z] > authorizing via signed-in user
[debug] [2021-04-04T04:42:00.850Z] [iam] checking project mealstogo-83d89 for permissions ["firebase.projects.get"]
[debug] [2021-04-04T04:42:00.853Z] >>> HTTP REQUEST POST https://cloudresourcemanager.googleapis.com/v1/projects/mealstogo-83d89:testIamPermissions  
 {"permissions":["firebase.projects.get"]}
[debug] [2021-04-04T04:42:01.358Z] <<< HTTP RESPONSE 200 {"content-type":"application/json; charset=UTF-8","vary":"X-Origin, Referer, Origin,Accept-Encoding","date":"Sun, 04 Apr 2021 04:42:02 GMT","server":"ESF","cache-control":"private","x-xss-protection":"0","x-frame-options":"SAMEORIGIN","x-content-type-options":"nosniff","server-timing":"gfet4t7; dur=115","alt-svc":"h3-29=\":443\"; ma=2592000,h3-T051=\":443\"; ma=2592000,h3-Q050=\":443\"; ma=2592000,h3-Q046=\":443\"; ma=2592000,h3-Q043=\":443\"; ma=2592000,quic=\":443\"; ma=2592000; v=\"46,43\"","accept-ranges":"none","transfer-encoding":"chunked"}
[debug] [2021-04-04T04:42:01.366Z] > refreshing access token with scopes: []
[debug] [2021-04-04T04:42:01.367Z] >>> HTTP REQUEST POST https://www.googleapis.com/oauth2/v3/token  
 <request body omitted>
[debug] [2021-04-04T04:42:01.598Z] <<< HTTP RESPONSE 200 {"cache-control":"no-cache, no-store, max-age=0, must-revalidate","date":"Sun, 04 Apr 2021 04:42:02 GMT","expires":"Mon, 01 Jan 1990 00:00:00 GMT","pragma":"no-cache","content-type":"application/json; charset=utf-8","vary":"X-Origin, Referer, Origin,Accept-Encoding","server":"scaffolding on HTTPServer2","x-xss-protection":"0","x-frame-options":"SAMEORIGIN","x-content-type-options":"nosniff","alt-svc":"h3-29=\":443\"; ma=2592000,h3-T051=\":443\"; ma=2592000,h3-Q050=\":443\"; ma=2592000,h3-Q046=\":443\"; ma=2592000,h3-Q043=\":443\"; ma=2592000,quic=\":443\"; ma=2592000; v=\"46,43\"","accept-ranges":"none","transfer-encoding":"chunked"}
[debug] [2021-04-04T04:42:01.626Z] >>> [apiv2][query] GET https://firebase.googleapis.com/v1beta1/projects/mealstogo-83d89 [none]
[debug] [2021-04-04T04:42:02.244Z] <<< [apiv2][status] GET https://firebase.googleapis.com/v1beta1/projects/mealstogo-83d89 200
[debug] [2021-04-04T04:42:02.244Z] <<< [apiv2][body] GET https://firebase.googleapis.com/v1beta1/projects/mealstogo-83d89 {"projectId":"mealstogo-83d89","projectNumber":"171098700811","displayName":"MealsToGo","name":"projects/mealstogo-83d89","resources":{"hostingSite":"mealstogo-83d89"},"state":"ACTIVE"}
[info] 
[info] === Serving from 'C:\Users\peace\MealsToGo'...
[info] 
[warn] !  Your requested "node" version "12" doesn't match your global version "10" {"metadata":{"emulator":{"name":"functions"},"message":"Your requested \"node\" version \"12\" doesn't match your global version \"10\""}}
[debug] [2021-04-04T04:42:04.307Z] defaultcredentials: writing to file C:\Users\peace\AppData\Roaming\firebase\peacebefore_gmail_com_application_default_credentials.json
[debug] [2021-04-04T04:42:04.312Z] Setting GAC to C:\Users\peace\AppData\Roaming\firebase\peacebefore_gmail_com_application_default_credentials.json {"metadata":{"emulator":{"name":"functions"},"message":"Setting GAC to C:\\Users\\peace\\AppData\\Roaming\\firebase\\peacebefore_gmail_com_application_default_credentials.json"}}
[debug] [2021-04-04T04:42:04.313Z] >>> [apiv2][query] GET https://firebase.googleapis.com/v1beta1/projects/mealstogo-83d89/adminSdkConfig [none]
[debug] [2021-04-04T04:42:04.707Z] <<< [apiv2][status] GET https://firebase.googleapis.com/v1beta1/projects/mealstogo-83d89/adminSdkConfig 200
[debug] [2021-04-04T04:42:04.708Z] <<< [apiv2][body] GET https://firebase.googleapis.com/v1beta1/projects/mealstogo-83d89/adminSdkConfig {"projectId":"mealstogo-83d89","storageBucket":"mealstogo-83d89.appspot.com"}
[info] i  functions: Watching "C:\Users\peace\MealsToGo\functions" for Cloud Functions... {"metadata":{"emulator":{"name":"functions"},"message":"Watching \"C:\\Users\\peace\\MealsToGo\\functions\" for Cloud Functions..."}}
[debug] [2021-04-04T04:42:04.820Z] [worker-pool] addWorker(~diagnostic~) {"metadata":{"emulator":{"name":"functions"},"message":"[worker-pool] addWorker(~diagnostic~)"}}
[debug] [2021-04-04T04:42:04.821Z] [worker-pool] Adding worker with key ~diagnostic~, total=1 {"metadata":{"emulator":{"name":"functions"},"message":"[worker-pool] Adding worker with key ~diagnostic~, total=1"}}
[debug] [2021-04-04T04:42:04.821Z] [worker-pool] submitWork(triggerId=) {"metadata":{"emulator":{"name":"functions"},"message":"[worker-pool] submitWork(triggerId=)"}}
[debug] [2021-04-04T04:42:04.822Z] [worker-~diagnostic~-c79649fe-721e-4a73-80c0-787a4b85de7a]: Assigning socketPath: \\?\pipe\C:\Users\peace\MealsToGo\functions\11212 {"metadata":{"emulator":{"name":"functions"},"message":"[worker-~diagnostic~-c79649fe-721e-4a73-80c0-787a4b85de7a]: Assigning socketPath: \\\\?\\pipe\\C:\\Users\\peace\\MealsToGo\\functions\\11212"}}
[debug] [2021-04-04T04:42:04.822Z] [worker-~diagnostic~-c79649fe-721e-4a73-80c0-787a4b85de7a]: BUSY {"metadata":{"emulator":{"name":"functions"},"message":"[worker-~diagnostic~-c79649fe-721e-4a73-80c0-787a4b85de7a]: BUSY"}}
[debug] [2021-04-04T04:42:05.522Z] [runtime-status] [11212] Functions runtime initialized. {"cwd":"C:\\Users\\peace\\MealsToGo\\functions","node_version":"10.16.0"} {"metadata":{"emulator":{"name":"functions"},"message":"[runtime-status] [11212] Functions runtime initialized. {\"cwd\":\"C:\\\\Users\\\\peace\\\\MealsToGo\\\\functions\",\"node_version\":\"10.16.0\"}"}}
[debug] [2021-04-04T04:42:05.526Z] [runtime-status] [11212] Disabled runtime features: undefined {"metadata":{"emulator":{"name":"functions"},"message":"[runtime-status] [11212] Disabled runtime features: undefined"}}
[debug] [2021-04-04T04:42:05.536Z] [runtime-status] [11212] Resolved module firebase-admin {"declared":true,"installed":true,"version":"9.6.0","resolution":"C:\\Users\\peace\\MealsToGo\\functions\\node_modules\\firebase-admin\\lib\\index.js"} {"metadata":{"emulator":{"name":"functions"},"message":"[runtime-status] [11212] Resolved module firebase-admin {\"declared\":true,\"installed\":true,\"version\":\"9.6.0\",\"resolution\":\"C:\\\\Users\\\\peace\\\\MealsToGo\\\\functions\\\\node_modules\\\\firebase-admin\\\\lib\\\\index.js\"}"}}
[debug] [2021-04-04T04:42:05.541Z] [runtime-status] [11212] Resolved module firebase-functions {"declared":true,"installed":true,"version":"3.13.2","resolution":"C:\\Users\\peace\\MealsToGo\\functions\\node_modules\\firebase-functions\\lib\\index.js"} {"metadata":{"emulator":{"name":"functions"},"message":"[runtime-status] [11212] Resolved module firebase-functions {\"declared\":true,\"installed\":true,\"version\":\"3.13.2\",\"resolution\":\"C:\\\\Users\\\\peace\\\\MealsToGo\\\\functions\\\\node_modules\\\\firebase-functions\\\\lib\\\\index.js\"}"}}
[debug] [2021-04-04T04:42:05.542Z] [runtime-status] [11212] Found local functions config: C:\Users\peace\MealsToGo\functions/.runtimeconfig.json {"metadata":{"emulator":{"name":"functions"},"message":"[runtime-status] [11212] Found local functions config: C:\\Users\\peace\\MealsToGo\\functions/.runtimeconfig.json"}}
[debug] [2021-04-04T04:42:05.544Z] [runtime-status] [11212] Resolved module firebase-functions {"declared":true,"installed":true,"version":"3.13.2","resolution":"C:\\Users\\peace\\MealsToGo\\functions\\node_modules\\firebase-functions\\lib\\index.js"} {"metadata":{"emulator":{"name":"functions"},"message":"[runtime-status] [11212] Resolved module firebase-functions {\"declared\":true,\"installed\":true,\"version\":\"3.13.2\",\"resolution\":\"C:\\\\Users\\\\peace\\\\MealsToGo\\\\functions\\\\node_modules\\\\firebase-functions\\\\lib\\\\index.js\"}"}}
[debug] [2021-04-04T04:42:05.553Z] [runtime-status] [11212] Outgoing network have been stubbed. [{"name":"http","status":"mocked"},{"name":"http","status":"mocked"},{"name":"https","status":"mocked"},{"name":"https","status":"mocked"},{"name":"net","status":"mocked"}] {"metadata":{"emulator":{"name":"functions"},"message":"[runtime-status] [11212] Outgoing network have been stubbed. [{\"name\":\"http\",\"status\":\"mocked\"},{\"name\":\"http\",\"status\":\"mocked\"},{\"name\":\"https\",\"status\":\"mocked\"},{\"name\":\"https\",\"status\":\"mocked\"},{\"name\":\"net\",\"status\":\"mocked\"}]"}}
[debug] [2021-04-04T04:42:05.555Z] [runtime-status] [11212] Resolved module firebase-functions {"declared":true,"installed":true,"version":"3.13.2","resolution":"C:\\Users\\peace\\MealsToGo\\functions\\node_modules\\firebase-functions\\lib\\index.js"} {"metadata":{"emulator":{"name":"functions"},"message":"[runtime-status] [11212] Resolved module firebase-functions {\"declared\":true,\"installed\":true,\"version\":\"3.13.2\",\"resolution\":\"C:\\\\Users\\\\peace\\\\MealsToGo\\\\functions\\\\node_modules\\\\firebase-functions\\\\lib\\\\index.js\"}"}}
[debug] [2021-04-04T04:42:05.682Z] [runtime-status] [11212] Checked functions.config() {"config":{"google":{"key":"AIzaSyAEzXyBR50qAkACwRM4jWgK2yySw7t52VE"}}} {"metadata":{"emulator":{"name":"functions"},"message":"[runtime-status] [11212] Checked functions.config() {\"config\":{\"google\":{\"key\":\"AIzaSyAEzXyBR50qAkACwRM4jWgK2yySw7t52VE\"}}}"}}
[debug] [2021-04-04T04:42:05.683Z] [runtime-status] [11212] firebase-functions has been stubbed. {"functionsResolution":{"declared":true,"installed":true,"version":"3.13.2","resolution":"C:\\Users\\peace\\MealsToGo\\functions\\node_modules\\firebase-functions\\lib\\index.js"}} {"metadata":{"emulator":{"name":"functions"},"message":"[runtime-status] [11212] firebase-functions has been stubbed. {\"functionsResolution\":{\"declared\":true,\"installed\":true,\"version\":\"3.13.2\",\"resolution\":\"C:\\\\Users\\\\peace\\\\MealsToGo\\\\functions\\\\node_modules\\\\firebase-functions\\\\lib\\\\index.js\"}}"}}
[debug] [2021-04-04T04:42:05.684Z] [runtime-status] [11212] Resolved module firebase-functions {"declared":true,"installed":true,"version":"3.13.2","resolution":"C:\\Users\\peace\\MealsToGo\\functions\\node_modules\\firebase-functions\\lib\\index.js"} {"metadata":{"emulator":{"name":"functions"},"message":"[runtime-status] [11212] Resolved module firebase-functions {\"declared\":true,\"installed\":true,\"version\":\"3.13.2\",\"resolution\":\"C:\\\\Users\\\\peace\\\\MealsToGo\\\\functions\\\\node_modules\\\\firebase-functions\\\\lib\\\\index.js\"}"}}
[debug] [2021-04-04T04:42:05.687Z] [runtime-status] [11212] Resolved module firebase-admin {"declared":true,"installed":true,"version":"9.6.0","resolution":"C:\\Users\\peace\\MealsToGo\\functions\\node_modules\\firebase-admin\\lib\\index.js"} {"metadata":{"emulator":{"name":"functions"},"message":"[runtime-status] [11212] Resolved module firebase-admin {\"declared\":true,\"installed\":true,\"version\":\"9.6.0\",\"resolution\":\"C:\\\\Users\\\\peace\\\\MealsToGo\\\\functions\\\\node_modules\\\\firebase-admin\\\\lib\\\\index.js\"}"}}
[debug] [2021-04-04T04:42:05.688Z] [runtime-status] [11212] Resolved module firebase-functions {"declared":true,"installed":true,"version":"3.13.2","resolution":"C:\\Users\\peace\\MealsToGo\\functions\\node_modules\\firebase-functions\\lib\\index.js"} {"metadata":{"emulator":{"name":"functions"},"message":"[runtime-status] [11212] Resolved module firebase-functions {\"declared\":true,\"installed\":true,\"version\":\"3.13.2\",\"resolution\":\"C:\\\\Users\\\\peace\\\\MealsToGo\\\\functions\\\\node_modules\\\\firebase-functions\\\\lib\\\\index.js\"}"}}
[debug] [2021-04-04T04:42:05.689Z] [runtime-status] [11212] firebase-admin has been stubbed. {"adminResolution":{"declared":true,"installed":true,"version":"9.6.0","resolution":"C:\\Users\\peace\\MealsToGo\\functions\\node_modules\\firebase-admin\\lib\\index.js"}} {"metadata":{"emulator":{"name":"functions"},"message":"[runtime-status] [11212] firebase-admin has been stubbed. {\"adminResolution\":{\"declared\":true,\"installed\":true,\"version\":\"9.6.0\",\"resolution\":\"C:\\\\Users\\\\peace\\\\MealsToGo\\\\functions\\\\node_modules\\\\firebase-admin\\\\lib\\\\index.js\"}}"}}
[info] +  functions[geocode]: http function initialized (http://localhost:5000/mealstogo-83d89/us-central1/geocode). {"metadata":{"emulator":{"name":"functions"},"message":"\u001b[1mhttp\u001b[22m function initialized (http://localhost:5000/mealstogo-83d89/us-central1/geocode)."}}
[info] +  functions[placesNearby]: http function initialized (http://localhost:5000/mealstogo-83d89/us-central1/placesNearby). {"metadata":{"emulator":{"name":"functions"},"message":"\u001b[1mhttp\u001b[22m function initialized (http://localhost:5000/mealstogo-83d89/us-central1/placesNearby)."}}
[debug] [2021-04-04T04:42:05.880Z] [worker-~diagnostic~-c79649fe-721e-4a73-80c0-787a4b85de7a]: IDLE {"metadata":{"emulator":{"name":"functions"},"message":"[worker-~diagnostic~-c79649fe-721e-4a73-80c0-787a4b85de7a]: IDLE"}}
[debug] [2021-04-05T21:01:45.571Z] ----------------------------------------------------------------------
[debug] [2021-04-05T21:01:45.574Z] Command:       C:\Program Files\nodejs\node.exe C:\Program Files\nodejs\node_modules\firebase-tools\lib\bin\firebase.js serve
[debug] [2021-04-05T21:01:45.575Z] CLI Version:   9.8.0
[debug] [2021-04-05T21:01:45.575Z] Platform:      win32
[debug] [2021-04-05T21:01:45.575Z] Node Version:  v10.16.0
[debug] [2021-04-05T21:01:45.577Z] Time:          Mon Apr 05 2021 14:01:45 GMT-0700 (Pacific Daylight Time)
[debug] [2021-04-05T21:01:45.577Z] ----------------------------------------------------------------------
[debug] 
[debug] [2021-04-05T21:01:45.593Z] > command requires scopes: ["email","openid","https://www.googleapis.com/auth/cloudplatformprojects.readonly","https://www.googleapis.com/auth/firebase","https://www.googleapis.com/auth/cloud-platform"]
[debug] [2021-04-05T21:01:45.594Z] > authorizing via signed-in user
[debug] [2021-04-05T21:01:45.595Z] [iam] checking project mealstogo-83d89 for permissions ["firebase.projects.get"]
[debug] [2021-04-05T21:01:45.599Z] > refreshing access token with scopes: ["email","https://www.googleapis.com/auth/cloud-platform","https://www.googleapis.com/auth/cloudplatformprojects.readonly","https://www.googleapis.com/auth/firebase","openid"]
[debug] [2021-04-05T21:01:45.599Z] >>> HTTP REQUEST POST https://www.googleapis.com/oauth2/v3/token  
 <request body omitted>
[debug] [2021-04-05T21:01:46.211Z] <<< HTTP RESPONSE 200 {"cache-control":"no-cache, no-store, max-age=0, must-revalidate","date":"Mon, 05 Apr 2021 21:01:49 GMT","pragma":"no-cache","expires":"Mon, 01 Jan 1990 00:00:00 GMT","content-type":"application/json; charset=utf-8","vary":"X-Origin, Referer, Origin,Accept-Encoding","server":"scaffolding on HTTPServer2","x-xss-protection":"0","x-frame-options":"SAMEORIGIN","x-content-type-options":"nosniff","alt-svc":"h3-29=\":443\"; ma=2592000,h3-T051=\":443\"; ma=2592000,h3-Q050=\":443\"; ma=2592000,h3-Q046=\":443\"; ma=2592000,h3-Q043=\":443\"; ma=2592000,quic=\":443\"; ma=2592000; v=\"46,43\"","accept-ranges":"none","transfer-encoding":"chunked"}
[debug] [2021-04-05T21:01:46.228Z] >>> HTTP REQUEST POST https://cloudresourcemanager.googleapis.com/v1/projects/mealstogo-83d89:testIamPermissions  
 {"permissions":["firebase.projects.get"]}
[debug] [2021-04-05T21:01:46.985Z] <<< HTTP RESPONSE 200 {"content-type":"application/json; charset=UTF-8","vary":"X-Origin, Referer, Origin,Accept-Encoding","date":"Mon, 05 Apr 2021 21:01:49 GMT","server":"ESF","cache-control":"private","x-xss-protection":"0","x-frame-options":"SAMEORIGIN","x-content-type-options":"nosniff","server-timing":"gfet4t7; dur=86","alt-svc":"h3-29=\":443\"; ma=2592000,h3-T051=\":443\"; ma=2592000,h3-Q050=\":443\"; ma=2592000,h3-Q046=\":443\"; ma=2592000,h3-Q043=\":443\"; ma=2592000,quic=\":443\"; ma=2592000; v=\"46,43\"","accept-ranges":"none","transfer-encoding":"chunked"}
[debug] [2021-04-05T21:01:46.987Z] > refreshing access token with scopes: []
[debug] [2021-04-05T21:01:46.987Z] >>> HTTP REQUEST POST https://www.googleapis.com/oauth2/v3/token  
 <request body omitted>
[debug] [2021-04-05T21:01:47.946Z] <<< HTTP RESPONSE 200 {"expires":"Mon, 01 Jan 1990 00:00:00 GMT","cache-control":"no-cache, no-store, max-age=0, must-revalidate","date":"Mon, 05 Apr 2021 21:01:50 GMT","pragma":"no-cache","content-type":"application/json; charset=utf-8","vary":"X-Origin, Referer, Origin,Accept-Encoding","server":"scaffolding on HTTPServer2","x-xss-protection":"0","x-frame-options":"SAMEORIGIN","x-content-type-options":"nosniff","alt-svc":"h3-29=\":443\"; ma=2592000,h3-T051=\":443\"; ma=2592000,h3-Q050=\":443\"; ma=2592000,h3-Q046=\":443\"; ma=2592000,h3-Q043=\":443\"; ma=2592000,quic=\":443\"; ma=2592000; v=\"46,43\"","accept-ranges":"none","transfer-encoding":"chunked"}
[debug] [2021-04-05T21:01:47.964Z] >>> [apiv2][query] GET https://firebase.googleapis.com/v1beta1/projects/mealstogo-83d89 [none]
[debug] [2021-04-05T21:01:48.678Z] <<< [apiv2][status] GET https://firebase.googleapis.com/v1beta1/projects/mealstogo-83d89 200
[debug] [2021-04-05T21:01:48.678Z] <<< [apiv2][body] GET https://firebase.googleapis.com/v1beta1/projects/mealstogo-83d89 {"projectId":"mealstogo-83d89","projectNumber":"171098700811","displayName":"MealsToGo","name":"projects/mealstogo-83d89","resources":{"hostingSite":"mealstogo-83d89"},"state":"ACTIVE"}
[info] 
[info] === Serving from 'C:\Users\peace\MealsToGo'...
[info] 
[warn] !  Your requested "node" version "12" doesn't match your global version "10" {"metadata":{"emulator":{"name":"functions"},"message":"Your requested \"node\" version \"12\" doesn't match your global version \"10\""}}
[debug] [2021-04-05T21:01:50.723Z] defaultcredentials: writing to file C:\Users\peace\AppData\Roaming\firebase\peacebefore_gmail_com_application_default_credentials.json
[debug] [2021-04-05T21:01:50.728Z] Setting GAC to C:\Users\peace\AppData\Roaming\firebase\peacebefore_gmail_com_application_default_credentials.json {"metadata":{"emulator":{"name":"functions"},"message":"Setting GAC to C:\\Users\\peace\\AppData\\Roaming\\firebase\\peacebefore_gmail_com_application_default_credentials.json"}}
[debug] [2021-04-05T21:01:50.729Z] >>> [apiv2][query] GET https://firebase.googleapis.com/v1beta1/projects/mealstogo-83d89/adminSdkConfig [none]
[debug] [2021-04-05T21:01:51.183Z] <<< [apiv2][status] GET https://firebase.googleapis.com/v1beta1/projects/mealstogo-83d89/adminSdkConfig 200
[debug] [2021-04-05T21:01:51.183Z] <<< [apiv2][body] GET https://firebase.googleapis.com/v1beta1/projects/mealstogo-83d89/adminSdkConfig {"projectId":"mealstogo-83d89","storageBucket":"mealstogo-83d89.appspot.com"}
[info] i  functions: Watching "C:\Users\peace\MealsToGo\functions" for Cloud Functions... {"metadata":{"emulator":{"name":"functions"},"message":"Watching \"C:\\Users\\peace\\MealsToGo\\functions\" for Cloud Functions..."}}
[debug] [2021-04-05T21:01:51.240Z] [worker-pool] addWorker(~diagnostic~) {"metadata":{"emulator":{"name":"functions"},"message":"[worker-pool] addWorker(~diagnostic~)"}}
[debug] [2021-04-05T21:01:51.240Z] [worker-pool] Adding worker with key ~diagnostic~, total=1 {"metadata":{"emulator":{"name":"functions"},"message":"[worker-pool] Adding worker with key ~diagnostic~, total=1"}}
[debug] [2021-04-05T21:01:51.240Z] [worker-pool] submitWork(triggerId=) {"metadata":{"emulator":{"name":"functions"},"message":"[worker-pool] submitWork(triggerId=)"}}
[debug] [2021-04-05T21:01:51.240Z] [worker-~diagnostic~-a4c48aab-7892-4ff7-9779-34486afa1a05]: Assigning socketPath: \\?\pipe\C:\Users\peace\MealsToGo\functions\9516 {"metadata":{"emulator":{"name":"functions"},"message":"[worker-~diagnostic~-a4c48aab-7892-4ff7-9779-34486afa1a05]: Assigning socketPath: \\\\?\\pipe\\C:\\Users\\peace\\MealsToGo\\functions\\9516"}}
[debug] [2021-04-05T21:01:51.241Z] [worker-~diagnostic~-a4c48aab-7892-4ff7-9779-34486afa1a05]: BUSY {"metadata":{"emulator":{"name":"functions"},"message":"[worker-~diagnostic~-a4c48aab-7892-4ff7-9779-34486afa1a05]: BUSY"}}
[debug] [2021-04-05T21:01:51.619Z] [runtime-status] [9516] Functions runtime initialized. {"cwd":"C:\\Users\\peace\\MealsToGo\\functions","node_version":"10.16.0"} {"metadata":{"emulator":{"name":"functions"},"message":"[runtime-status] [9516] Functions runtime initialized. {\"cwd\":\"C:\\\\Users\\\\peace\\\\MealsToGo\\\\functions\",\"node_version\":\"10.16.0\"}"}}
[debug] [2021-04-05T21:01:51.621Z] [runtime-status] [9516] Disabled runtime features: undefined {"metadata":{"emulator":{"name":"functions"},"message":"[runtime-status] [9516] Disabled runtime features: undefined"}}
[debug] [2021-04-05T21:01:51.625Z] [runtime-status] [9516] Resolved module firebase-admin {"declared":true,"installed":true,"version":"9.6.0","resolution":"C:\\Users\\peace\\MealsToGo\\functions\\node_modules\\firebase-admin\\lib\\index.js"} {"metadata":{"emulator":{"name":"functions"},"message":"[runtime-status] [9516] Resolved module firebase-admin {\"declared\":true,\"installed\":true,\"version\":\"9.6.0\",\"resolution\":\"C:\\\\Users\\\\peace\\\\MealsToGo\\\\functions\\\\node_modules\\\\firebase-admin\\\\lib\\\\index.js\"}"}}
[debug] [2021-04-05T21:01:51.628Z] [runtime-status] [9516] Resolved module firebase-functions {"declared":true,"installed":true,"version":"3.13.2","resolution":"C:\\Users\\peace\\MealsToGo\\functions\\node_modules\\firebase-functions\\lib\\index.js"} {"metadata":{"emulator":{"name":"functions"},"message":"[runtime-status] [9516] Resolved module firebase-functions {\"declared\":true,\"installed\":true,\"version\":\"3.13.2\",\"resolution\":\"C:\\\\Users\\\\peace\\\\MealsToGo\\\\functions\\\\node_modules\\\\firebase-functions\\\\lib\\\\index.js\"}"}}
[debug] [2021-04-05T21:01:51.628Z] [runtime-status] [9516] Found local functions config: C:\Users\peace\MealsToGo\functions/.runtimeconfig.json {"metadata":{"emulator":{"name":"functions"},"message":"[runtime-status] [9516] Found local functions config: C:\\Users\\peace\\MealsToGo\\functions/.runtimeconfig.json"}}
[debug] [2021-04-05T21:01:51.629Z] [runtime-status] [9516] Resolved module firebase-functions {"declared":true,"installed":true,"version":"3.13.2","resolution":"C:\\Users\\peace\\MealsToGo\\functions\\node_modules\\firebase-functions\\lib\\index.js"} {"metadata":{"emulator":{"name":"functions"},"message":"[runtime-status] [9516] Resolved module firebase-functions {\"declared\":true,\"installed\":true,\"version\":\"3.13.2\",\"resolution\":\"C:\\\\Users\\\\peace\\\\MealsToGo\\\\functions\\\\node_modules\\\\firebase-functions\\\\lib\\\\index.js\"}"}}
[debug] [2021-04-05T21:01:51.633Z] [runtime-status] [9516] Outgoing network have been stubbed. [{"name":"http","status":"mocked"},{"name":"http","status":"mocked"},{"name":"https","status":"mocked"},{"name":"https","status":"mocked"},{"name":"net","status":"mocked"}] {"metadata":{"emulator":{"name":"functions"},"message":"[runtime-status] [9516] Outgoing network have been stubbed. [{\"name\":\"http\",\"status\":\"mocked\"},{\"name\":\"http\",\"status\":\"mocked\"},{\"name\":\"https\",\"status\":\"mocked\"},{\"name\":\"https\",\"status\":\"mocked\"},{\"name\":\"net\",\"status\":\"mocked\"}]"}}
[debug] [2021-04-05T21:01:51.634Z] [runtime-status] [9516] Resolved module firebase-functions {"declared":true,"installed":true,"version":"3.13.2","resolution":"C:\\Users\\peace\\MealsToGo\\functions\\node_modules\\firebase-functions\\lib\\index.js"} {"metadata":{"emulator":{"name":"functions"},"message":"[runtime-status] [9516] Resolved module firebase-functions {\"declared\":true,\"installed\":true,\"version\":\"3.13.2\",\"resolution\":\"C:\\\\Users\\\\peace\\\\MealsToGo\\\\functions\\\\node_modules\\\\firebase-functions\\\\lib\\\\index.js\"}"}}
[debug] [2021-04-05T21:01:51.695Z] [runtime-status] [9516] Checked functions.config() {"config":{"google":{"key":"AIzaSyAOf6I5_WiYfdeVGes_gCVQkGEDj5dlG_I"},"stripe":{"key":"sk_test_51IGZh2CBMSD9L0WHnFNt4IbHNsNLKGKd9ykfUnXNj4Zm1tXAbhPGdWQHTDLVEUwkSgvXngMpGCNjkG5zjWhrwnGz00XrBrt4vM"}}} {"metadata":{"emulator":{"name":"functions"},"message":"[runtime-status] [9516] Checked functions.config() {\"config\":{\"google\":{\"key\":\"AIzaSyAOf6I5_WiYfdeVGes_gCVQkGEDj5dlG_I\"},\"stripe\":{\"key\":\"sk_test_51IGZh2CBMSD9L0WHnFNt4IbHNsNLKGKd9ykfUnXNj4Zm1tXAbhPGdWQHTDLVEUwkSgvXngMpGCNjkG5zjWhrwnGz00XrBrt4vM\"}}}"}}
[debug] [2021-04-05T21:01:51.695Z] [runtime-status] [9516] firebase-functions has been stubbed. {"functionsResolution":{"declared":true,"installed":true,"version":"3.13.2","resolution":"C:\\Users\\peace\\MealsToGo\\functions\\node_modules\\firebase-functions\\lib\\index.js"}} {"metadata":{"emulator":{"name":"functions"},"message":"[runtime-status] [9516] firebase-functions has been stubbed. {\"functionsResolution\":{\"declared\":true,\"installed\":true,\"version\":\"3.13.2\",\"resolution\":\"C:\\\\Users\\\\peace\\\\MealsToGo\\\\functions\\\\node_modules\\\\firebase-functions\\\\lib\\\\index.js\"}}"}}
[debug] [2021-04-05T21:01:51.696Z] [runtime-status] [9516] Resolved module firebase-functions {"declared":true,"installed":true,"version":"3.13.2","resolution":"C:\\Users\\peace\\MealsToGo\\functions\\node_modules\\firebase-functions\\lib\\index.js"} {"metadata":{"emulator":{"name":"functions"},"message":"[runtime-status] [9516] Resolved module firebase-functions {\"declared\":true,\"installed\":true,\"version\":\"3.13.2\",\"resolution\":\"C:\\\\Users\\\\peace\\\\MealsToGo\\\\functions\\\\node_modules\\\\firebase-functions\\\\lib\\\\index.js\"}"}}
[debug] [2021-04-05T21:01:51.697Z] [runtime-status] [9516] Resolved module firebase-admin {"declared":true,"installed":true,"version":"9.6.0","resolution":"C:\\Users\\peace\\MealsToGo\\functions\\node_modules\\firebase-admin\\lib\\index.js"} {"metadata":{"emulator":{"name":"functions"},"message":"[runtime-status] [9516] Resolved module firebase-admin {\"declared\":true,\"installed\":true,\"version\":\"9.6.0\",\"resolution\":\"C:\\\\Users\\\\peace\\\\MealsToGo\\\\functions\\\\node_modules\\\\firebase-admin\\\\lib\\\\index.js\"}"}}
[debug] [2021-04-05T21:01:51.698Z] [runtime-status] [9516] Resolved module firebase-functions {"declared":true,"installed":true,"version":"3.13.2","resolution":"C:\\Users\\peace\\MealsToGo\\functions\\node_modules\\firebase-functions\\lib\\index.js"} {"metadata":{"emulator":{"name":"functions"},"message":"[runtime-status] [9516] Resolved module firebase-functions {\"declared\":true,\"installed\":true,\"version\":\"3.13.2\",\"resolution\":\"C:\\\\Users\\\\peace\\\\MealsToGo\\\\functions\\\\node_modules\\\\firebase-functions\\\\lib\\\\index.js\"}"}}
[debug] [2021-04-05T21:01:51.698Z] [runtime-status] [9516] firebase-admin has been stubbed. {"adminResolution":{"declared":true,"installed":true,"version":"9.6.0","resolution":"C:\\Users\\peace\\MealsToGo\\functions\\node_modules\\firebase-admin\\lib\\index.js"}} {"metadata":{"emulator":{"name":"functions"},"message":"[runtime-status] [9516] firebase-admin has been stubbed. {\"adminResolution\":{\"declared\":true,\"installed\":true,\"version\":\"9.6.0\",\"resolution\":\"C:\\\\Users\\\\peace\\\\MealsToGo\\\\functions\\\\node_modules\\\\firebase-admin\\\\lib\\\\index.js\"}}"}}
[info] +  functions[geocode]: http function initialized (http://localhost:5000/mealstogo-83d89/us-central1/geocode). {"metadata":{"emulator":{"name":"functions"},"message":"\u001b[1mhttp\u001b[22m function initialized (http://localhost:5000/mealstogo-83d89/us-central1/geocode)."}}
[info] +  functions[placesNearby]: http function initialized (http://localhost:5000/mealstogo-83d89/us-central1/placesNearby). {"metadata":{"emulator":{"name":"functions"},"message":"\u001b[1mhttp\u001b[22m function initialized (http://localhost:5000/mealstogo-83d89/us-central1/placesNearby)."}}
[info] +  functions[pay]: http function initialized (http://localhost:5000/mealstogo-83d89/us-central1/pay). {"metadata":{"emulator":{"name":"functions"},"message":"\u001b[1mhttp\u001b[22m function initialized (http://localhost:5000/mealstogo-83d89/us-central1/pay)."}}
[debug] [2021-04-05T21:01:51.881Z] [worker-~diagnostic~-a4c48aab-7892-4ff7-9779-34486afa1a05]: IDLE {"metadata":{"emulator":{"name":"functions"},"message":"[worker-~diagnostic~-a4c48aab-7892-4ff7-9779-34486afa1a05]: IDLE"}}
